{"logTime": "0612/182100", "correlationVector":"zO6Sd1Efae7V+yvzV90Z4z.1","action":"SyncServerConnectionManagerRequest", "result":"SYNC_SERVER_OK", "context":{"environment":"Prod_WestEurope_x00e", "migrationStage":"NotStarted", "server":"GENERAL0100000Z"}}
{"logTime": "0612/182100", "correlationVector":"zO6Sd1Efae7V+yvzV90Z4z.2","action":"GetUpdates Response", "result":"SYNCER_OK", "context":Received 94 update(s). cV=zO6Sd1Efae7V+yvzV90Z4z.0;server=GENERAL0100000Z;cloudType=Consumer;environment=Prod_WestEurope_x00e;migrationStage=NotStarted}
{"logTime": "0612/182100", "correlationVector":"NewvHKjT/yBFMfp6yGjaSU","action":"Normal GetUpdate request", "result":"", "context":cV=NewvHKjT/yBFMfp6yGjaSU
Nudged types: Sessions, Device Info, User Consents
Refresh requested types: Bookmarks, Preferences, Passwords, Autofill Profiles, Autofill, Autofill Custom Data, Typed URLs, Extensions, Sessions, Extension settings, History Delete Directives, Device Info, User Consents, Send Tab To Self, Web Apps, Collection, Edge E Drop, Encryption Keys}
{"logTime": "0612/182100", "correlationVector":"NewvHKjT/yBFMfp6yGjaSU.1","action":"SyncServerConnectionManagerRequest", "result":"SYNC_SERVER_OK", "context":{"environment":"Prod_WestEurope_x00e", "migrationStage":"NotStarted", "server":"GENERAL0100001H"}}
{"logTime": "0612/182100", "correlationVector":"NewvHKjT/yBFMfp6yGjaSU.2","action":"GetUpdates", "result":"DeleteReceived", "context":{"id":"4f74fafd-fa88-4f5b-bd2d-d8b9f35ca11e", "isDeleted:":"true", "version":"1686499398013"}}
{"logTime": "0612/182100", "correlationVector":"NewvHKjT/yBFMfp6yGjaSU.3","action":"GetUpdates", "result":"DeleteReceived", "context":{"id":"6c00b0dc-25ad-42aa-a376-94a9d9a5d786", "isDeleted:":"true", "version":"1686548311741"}}
{"logTime": "0612/182100", "correlationVector":"NewvHKjT/yBFMfp6yGjaSU.4","action":"GetUpdates Response", "result":"SYNCER_OK", "context":Received 11 update(s). cV=NewvHKjT/yBFMfp6yGjaSU.0;server=GENERAL0100001H;cloudType=Consumer;environment=Prod_WestEurope_x00e;migrationStage=NotStarted}
{"logTime": "0612/182100", "correlationVector":"XP/QVNjYQHEUq2Uzw8PTlb","action":"Commit Request", "result":"", "context":Item count: 1
Contributing types: Device Info}
{"logTime": "0612/182100", "correlationVector":"XP/QVNjYQHEUq2Uzw8PTlb.1","action":"SyncServerConnectionManagerRequest", "result":"SYNC_SERVER_OK", "context":{"environment":"Prod_WestEurope_x00e", "migrationStage":"NotStarted", "server":"GENERAL0100000U"}}
{"logTime": "0612/182100", "correlationVector":"XP/QVNjYQHEUq2Uzw8PTlb.2","action":"Commit Response", "result":"SYNCER_OK", "context":Result: SYNCER_OK. cV=XP/QVNjYQHEUq2Uzw8PTlb.0;server=GENERAL0100000U;cloudType=Consumer;environment=Prod_WestEurope_x00e;migrationStage=NotStarted}
{"logTime": "0612/182100", "correlationVector":"YiP7dtsIIhyfEM5TwYXYDq","action":"Commit Request", "result":"", "context":Item count: 11
Contributing types: Sessions, User Consents}
{"logTime": "0612/182100", "correlationVector":"YiP7dtsIIhyfEM5TwYXYDq.1","action":"SyncServerConnectionManagerRequest", "result":"SYNC_SERVER_OK", "context":{"environment":"Prod_WestEurope_x00e", "migrationStage":"NotStarted", "server":"GENERAL0100000V"}}
{"logTime": "0612/182100", "correlationVector":"YiP7dtsIIhyfEM5TwYXYDq.3","action":"Commit.Sessions", "result":"Success", "context":{"id":"3b083096-2011-45e9-8824-148515d468a0", "isDeleted":"true", "size":"0", "version":"1686499773087"}}
{"logTime": "0612/182100", "correlationVector":"YiP7dtsIIhyfEM5TwYXYDq.4","action":"Commit.Sessions", "result":"Success", "context":{"id":"e1032684-9d3e-4003-ab46-d05b2ee27779", "isDeleted":"true", "size":"0", "version":"1686499773088"}}
{"logTime": "0612/182100", "correlationVector":"YiP7dtsIIhyfEM5TwYXYDq.2","action":"Commit Response", "result":"SYNCER_OK", "context":Result: SYNCER_OK. cV=YiP7dtsIIhyfEM5TwYXYDq.0;server=GENERAL0100000V;cloudType=Consumer;environment=Prod_WestEurope_x00e;migrationStage=NotStarted}
{"logTime": "0612/182100", "correlationVector":"XYn/PkgsGeCnMi2JVlyYQN","action":"Normal GetUpdate request", "result":"", "context":cV=XYn/PkgsGeCnMi2JVlyYQN
Nudged types: Sessions, Device Info}
{"logTime": "0612/182100", "correlationVector":"XYn/PkgsGeCnMi2JVlyYQN.1","action":"SyncServerConnectionManagerRequest", "result":"SYNC_SERVER_OK", "context":{"environment":"Prod_WestEurope_x00e", "migrationStage":"NotStarted", "server":"GENERAL01000002"}}
{"logTime": "0612/182100", "correlationVector":"XYn/PkgsGeCnMi2JVlyYQN.2","action":"GetUpdates", "result":"DeleteReceived", "context":{"id":"3b083096-2011-45e9-8824-148515d468a0", "isDeleted:":"true", "version":"1686594049894"}}
{"logTime": "0612/182100", "correlationVector":"XYn/PkgsGeCnMi2JVlyYQN.3","action":"GetUpdates", "result":"DeleteReceived", "context":{"id":"e1032684-9d3e-4003-ab46-d05b2ee27779", "isDeleted:":"true", "version":"1686594049896"}}
{"logTime": "0612/182100", "correlationVector":"XYn/PkgsGeCnMi2JVlyYQN.4","action":"GetUpdates Response", "result":"SYNCER_OK", "context":Received 11 update(s). cV=XYn/PkgsGeCnMi2JVlyYQN.0;server=GENERAL01000002;cloudType=Consumer;environment=Prod_WestEurope_x00e;migrationStage=NotStarted}
{"logTime": "0612/182104", "correlationVector":"3+KYTDWHRW964L0fyajTzq","action":"Normal GetUpdate request", "result":"", "context":cV=3+KYTDWHRW964L0fyajTzq
Nudged types: Sessions
Notified types: Device Info}
{"logTime": "0612/182104", "correlationVector":"3+KYTDWHRW964L0fyajTzq.1","action":"SyncServerConnectionManagerRequest", "result":"SYNC_SERVER_OK", "context":{"environment":"Prod_WestEurope_000l", "migrationStage":"NotStarted", "server":"general01000004"}}
{"logTime": "0612/182104", "correlationVector":"3+KYTDWHRW964L0fyajTzq.2","action":"GetUpdates Response", "result":"SYNCER_OK", "context":Received 0 update(s). cV=3+KYTDWHRW964L0fyajTzq.0;server=general01000004;cloudType=Consumer;environment=Prod_WestEurope_000l;migrationStage=NotStarted}
{"logTime": "0612/182104", "correlationVector":"r8jHk5M3z636w2NrMSeiWP","action":"Commit Request", "result":"", "context":Item count: 2
Contributing types: Sessions}
{"logTime": "0612/182105", "correlationVector":"r8jHk5M3z636w2NrMSeiWP.1","action":"SyncServerConnectionManagerRequest", "result":"SYNC_SERVER_OK", "context":{"environment":"Prod_WestEurope_000l", "migrationStage":"NotStarted", "server":"GENERAL01000014"}}
{"logTime": "0612/182105", "correlationVector":"r8jHk5M3z636w2NrMSeiWP.2","action":"Commit Response", "result":"SYNCER_OK", "context":Result: SYNCER_OK. cV=r8jHk5M3z636w2NrMSeiWP.0;server=GENERAL01000014;cloudType=Consumer;environment=Prod_WestEurope_000l;migrationStage=NotStarted}
{"logTime": "0612/182307", "correlationVector":"KBIBfEc/1BNVzSFQIJXZ1A","action":"Poll GetUpdate request", "result":"", "context":cV=KBIBfEc/1BNVzSFQIJXZ1A}
{"logTime": "0612/182307", "correlationVector":"KBIBfEc/1BNVzSFQIJXZ1A.1","action":"SyncServerConnectionManagerRequest", "result":"SYNC_SERVER_OK", "context":{"environment":"Prod_WestEurope_000l", "migrationStage":"NotStarted", "server":"GENERAL01000009"}}
{"logTime": "0612/182307", "correlationVector":"KBIBfEc/1BNVzSFQIJXZ1A.2","action":"GetUpdates Response", "result":"SYNCER_OK", "context":Received 2 update(s). cV=KBIBfEc/1BNVzSFQIJXZ1A.0;server=GENERAL01000009;cloudType=Consumer;environment=Prod_WestEurope_000l;migrationStage=NotStarted}
{"logTime": "0612/182713", "correlationVector":"t5SbMT9yAJLhaBbanbOmV1","action":"Commit Request", "result":"", "context":Item count: 2
Contributing types: Sessions}
{"logTime": "0612/182714", "correlationVector":"t5SbMT9yAJLhaBbanbOmV1.1","action":"SyncServerConnectionManagerRequest", "result":"SYNC_SERVER_OK", "context":{"environment":"Prod_WestEurope_000l", "migrationStage":"NotStarted", "server":"GENERAL0100000U"}}
{"logTime": "0612/182714", "correlationVector":"t5SbMT9yAJLhaBbanbOmV1.2","action":"Commit Response", "result":"SYNCER_OK", "context":Result: SYNCER_OK. cV=t5SbMT9yAJLhaBbanbOmV1.0;server=GENERAL0100000U;cloudType=Consumer;environment=Prod_WestEurope_000l;migrationStage=NotStarted}
{"logTime": "0612/182748", "correlationVector":"YLflpoN3zQMTxYQbYzel2p","action":"Commit Request", "result":"", "context":Item count: 3
Contributing types: Sessions}
{"logTime": "0612/182749", "correlationVector":"YLflpoN3zQMTxYQbYzel2p.1","action":"SyncServerConnectionManagerRequest", "result":"SYNC_SERVER_OK", "context":{"environment":"Prod_WestEurope_x00e", "migrationStage":"NotStarted", "server":"GENERAL01000007"}}
{"logTime": "0612/182749", "correlationVector":"YLflpoN3zQMTxYQbYzel2p.2","action":"Commit Response", "result":"SYNCER_OK", "context":Result: SYNCER_OK. cV=YLflpoN3zQMTxYQbYzel2p.0;server=GENERAL01000007;cloudType=Consumer;environment=Prod_WestEurope_x00e;migrationStage=NotStarted}
{"logTime": "0612/182853", "correlationVector":"AJcmjg7UnhjnnG6Nbo1y/I","action":"Commit Request", "result":"", "context":Item count: 2
Contributing types: Sessions}
{"logTime": "0612/182854", "correlationVector":"AJcmjg7UnhjnnG6Nbo1y/I.1","action":"SyncServerConnectionManagerRequest", "result":"SYNC_SERVER_OK", "context":{"environment":"Prod_NorthEurope_000h", "migrationStage":"NotStarted", "server":"GENERAL0100001D"}}
{"logTime": "0612/182854", "correlationVector":"AJcmjg7UnhjnnG6Nbo1y/I.3","action":"Commit.Sessions", "result":"Success", "context":{"id":"7bf9a5aa-2215-4600-893d-7e76947dfadf", "isDeleted":"true", "size":"0", "version":"1686594471310"}}
{"logTime": "0612/182854", "correlationVector":"AJcmjg7UnhjnnG6Nbo1y/I.2","action":"Commit Response", "result":"SYNCER_OK", "context":Result: SYNCER_OK. cV=AJcmjg7UnhjnnG6Nbo1y/I.0;server=GENERAL0100001D;cloudType=Consumer;environment=Prod_NorthEurope_000h;migrationStage=NotStarted}
{"logTime": "0612/182926", "correlationVector":"UkvV4wnEkPM/fBwr/xC/YW","action":"Commit Request", "result":"", "context":Item count: 3
Contributing types: Sessions}
{"logTime": "0612/182926", "correlationVector":"UkvV4wnEkPM/fBwr/xC/YW.1","action":"SyncServerConnectionManagerRequest", "result":"SYNC_SERVER_OK", "context":{"environment":"Prod_WestEurope_000l", "migrationStage":"NotStarted", "server":"GENERAL01000025"}}
{"logTime": "0612/182926", "correlationVector":"UkvV4wnEkPM/fBwr/xC/YW.3","action":"Commit.Sessions", "result":"Success", "context":{"id":"fba0ca2b-37c4-4159-9107-c0e84805fd58", "isDeleted":"true", "size":"0", "version":"1686594436923"}}
{"logTime": "0612/182926", "correlationVector":"UkvV4wnEkPM/fBwr/xC/YW.2","action":"Commit Response", "result":"SYNCER_OK", "context":Result: SYNCER_OK. cV=UkvV4wnEkPM/fBwr/xC/YW.0;server=GENERAL01000025;cloudType=Consumer;environment=Prod_WestEurope_000l;migrationStage=NotStarted}
{"logTime": "0612/183457", "correlationVector":"IYXVcLTimHMI7iM1do+W60.0","action":"FeedSettingFetch_homeCloud", "result":"0", "context":{}}
{"logTime": "0612/183457", "correlationVector":"3B0cY0Fa2zO1wPWqJVkIMi.1","action":"SyncServerConnectionManagerRequest", "result":"SYNC_SERVER_OK", "context":{"environment":"Prod_WestEurope_000l", "migrationStage":"NotStarted", "server":"GENERAL0100000C"}}
{"logTime": "0612/183457", "correlationVector":"3B0cY0Fa2zO1wPWqJVkIMi","action":"Initial GetUpdates", "result":"", "context":Reason: NEW_CLIENT. cV=3B0cY0Fa2zO1wPWqJVkIMi}
{"logTime": "0612/183457", "correlationVector":"3B0cY0Fa2zO1wPWqJVkIMi.2","action":"GetUpdates Response", "result":"SYNCER_OK", "context":Received 1 update(s). cV=3B0cY0Fa2zO1wPWqJVkIMi.0;server=GENERAL0100000C;cloudType=Consumer;environment=Prod_WestEurope_000l;migrationStage=NotStarted}
{"logTime": "0612/183457", "correlationVector":"DUrYPxPutd2bZreuqEg5Ys","action":"Normal GetUpdate request", "result":"", "context":cV=DUrYPxPutd2bZreuqEg5Ys
Nudged types: Sessions, User Consents
Refresh requested types: Bookmarks, Preferences, Autofill Custom Data, Typed URLs, Extensions, Sessions, Extension settings, History Delete Directives, Device Info, User Consents, Send Tab To Self, Web Apps, Collection, Edge E Drop, Encryption Keys}
{"logTime": "0612/183457", "correlationVector":"DUrYPxPutd2bZreuqEg5Ys.1","action":"SyncServerConnectionManagerRequest", "result":"SYNC_SERVER_OK", "context":{"environment":"Prod_WestEurope_000l", "migrationStage":"NotStarted", "server":"GENERAL01000002"}}
{"logTime": "0612/183457", "correlationVector":"DUrYPxPutd2bZreuqEg5Ys.2","action":"GetUpdates", "result":"DeleteReceived", "context":{"id":"7bf9a5aa-2215-4600-893d-7e76947dfadf", "isDeleted:":"true", "version":"1686594536407"}}
{"logTime": "0612/183457", "correlationVector":"DUrYPxPutd2bZreuqEg5Ys.3","action":"GetUpdates", "result":"DeleteReceived", "context":{"id":"fba0ca2b-37c4-4159-9107-c0e84805fd58", "isDeleted:":"true", "version":"1686594568938"}}
{"logTime": "0612/183457", "correlationVector":"DUrYPxPutd2bZreuqEg5Ys.4","action":"GetUpdates Response", "result":"SYNCER_OK", "context":Received 5 update(s). cV=DUrYPxPutd2bZreuqEg5Ys.0;server=GENERAL01000002;cloudType=Consumer;environment=Prod_WestEurope_000l;migrationStage=NotStarted}
{"logTime": "0612/183457", "correlationVector":"ZxS+qK30lTLg3Pg2Y673MS","action":"Commit Request", "result":"", "context":Item count: 11
Contributing types: Sessions, User Consents}
{"logTime": "0612/183457", "correlationVector":"ZxS+qK30lTLg3Pg2Y673MS.1","action":"SyncServerConnectionManagerRequest", "result":"SYNC_SERVER_OK", "context":{"environment":"Prod_WestEurope_000l", "migrationStage":"NotStarted", "server":"GENERAL0100000L"}}
{"logTime": "0612/183457", "correlationVector":"ZxS+qK30lTLg3Pg2Y673MS.3","action":"Commit.Sessions", "result":"Success", "context":{"id":"b781e1ab-293d-44c2-9407-ef7586064480", "isDeleted":"true", "size":"0", "version":"1686594536406"}}
{"logTime": "0612/183457", "correlationVector":"ZxS+qK30lTLg3Pg2Y673MS.2","action":"Commit Response", "result":"SYNCER_OK", "context":Result: SYNCER_OK. cV=ZxS+qK30lTLg3Pg2Y673MS.0;server=GENERAL0100000L;cloudType=Consumer;environment=Prod_WestEurope_000l;migrationStage=NotStarted}
{"logTime": "0612/183457", "correlationVector":"ZxS+qK30lTLg3Pg2Y673MS.4","action":"Commit.Sessions", "result":"Success", "context":{"id":"81681c0b-cd6a-4e18-9ce3-1dd5f4c6b39d", "isDeleted":"true", "size":"0", "version":"1686594049897"}}
{"logTime": "0612/183457", "correlationVector":"ZxS+qK30lTLg3Pg2Y673MS.5","action":"Commit.Sessions", "result":"Success", "context":{"id":"826cf1ca-0f03-432e-a92b-63245e1b67ee", "isDeleted":"true", "size":"0", "version":"1686594049900"}}
{"logTime": "0612/183457", "correlationVector":"ZxS+qK30lTLg3Pg2Y673MS.6","action":"Commit.Sessions", "result":"Success", "context":{"id":"0acc382f-8745-4d6f-85f2-a237bd988806", "isDeleted":"true", "size":"0", "version":"1686594049901"}}
{"logTime": "0612/183457", "correlationVector":"ol2WxtYJoQAHExZvm49iao","action":"SyncServerConnectionManagerRequest", "result":"SYNC_SERVER_OK", "context":{"environment":"", "migrationStage":"", "server":""}}
{"logTime": "0612/183457", "correlationVector":"4xDw1i5zOnpDOm14JqkEUC","action":"Normal GetUpdate request", "result":"", "context":cV=4xDw1i5zOnpDOm14JqkEUC
Nudged types: Sessions
Refresh requested types: Encryption Keys}
{"logTime": "0612/183457", "correlationVector":"4xDw1i5zOnpDOm14JqkEUC.1","action":"SyncServerConnectionManagerRequest", "result":"SYNC_SERVER_OK", "context":{"environment":"Prod_WestEurope_000l", "migrationStage":"NotStarted", "server":"GENERAL01000008"}}
{"logTime": "0612/183457", "correlationVector":"4xDw1i5zOnpDOm14JqkEUC.2","action":"GetUpdates", "result":"DeleteReceived", "context":{"id":"b781e1ab-293d-44c2-9407-ef7586064480", "isDeleted:":"true", "version":"1686594881624"}}
{"logTime": "0612/183457", "correlationVector":"4xDw1i5zOnpDOm14JqkEUC.3","action":"GetUpdates", "result":"DeleteReceived", "context":{"id":"81681c0b-cd6a-4e18-9ce3-1dd5f4c6b39d", "isDeleted:":"true", "version":"1686594881628"}}
{"logTime": "0612/183457", "correlationVector":"4xDw1i5zOnpDOm14JqkEUC.4","action":"GetUpdates", "result":"DeleteReceived", "context":{"id":"826cf1ca-0f03-432e-a92b-63245e1b67ee", "isDeleted:":"true", "version":"1686594881631"}}
{"logTime": "0612/183457", "correlationVector":"4xDw1i5zOnpDOm14JqkEUC.5","action":"GetUpdates", "result":"DeleteReceived", "context":{"id":"0acc382f-8745-4d6f-85f2-a237bd988806", "isDeleted:":"true", "version":"1686594881632"}}
{"logTime": "0612/183457", "correlationVector":"4xDw1i5zOnpDOm14JqkEUC.6","action":"GetUpdates Response", "result":"SYNCER_OK", "context":Received 10 update(s). cV=4xDw1i5zOnpDOm14JqkEUC.0;server=GENERAL01000008;cloudType=Consumer;environment=Prod_WestEurope_000l;migrationStage=NotStarted}
{"logTime": "0612/183457", "correlationVector":"DK6MrqMWZRWjPwwren0KfP","action":"Commit Request", "result":"", "context":Item count: 1
Contributing types: Sessions}
{"logTime": "0612/183457", "correlationVector":"DK6MrqMWZRWjPwwren0KfP.1","action":"SyncServerConnectionManagerRequest", "result":"SYNC_SERVER_OK", "context":{"environment":"Prod_WestEurope_000l", "migrationStage":"NotStarted", "server":"GENERAL0100001C"}}
{"logTime": "0612/183457", "correlationVector":"DK6MrqMWZRWjPwwren0KfP.2","action":"Commit Response", "result":"SYNCER_OK", "context":Result: SYNCER_OK. cV=DK6MrqMWZRWjPwwren0KfP.0;server=GENERAL0100001C;cloudType=Consumer;environment=Prod_WestEurope_000l;migrationStage=NotStarted}
{"logTime": "0612/183457", "correlationVector":"v5axbXpasdNObQRPuVM3W5","action":"Initial GetUpdates", "result":"", "context":Reason: NEWLY_SUPPORTED_DATATYPE. cV=v5axbXpasdNObQRPuVM3W5}
{"logTime": "0612/183457", "correlationVector":"v5axbXpasdNObQRPuVM3W5.1","action":"SyncServerConnectionManagerRequest", "result":"SYNC_SERVER_OK", "context":{"environment":"Prod_WestEurope_000l", "migrationStage":"NotStarted", "server":"GENERAL0100000B"}}
{"logTime": "0612/183457", "correlationVector":"v5axbXpasdNObQRPuVM3W5.2","action":"GetUpdates Response", "result":"SYNCER_OK", "context":Received 94 update(s). cV=v5axbXpasdNObQRPuVM3W5.0;server=GENERAL0100000B;cloudType=Consumer;environment=Prod_WestEurope_000l;migrationStage=NotStarted}
{"logTime": "0612/183458", "correlationVector":"Alx+ZPu6jOsk/KIrh4ibfe","action":"Normal GetUpdate request", "result":"", "context":cV=Alx+ZPu6jOsk/KIrh4ibfe
Nudged types: Sessions
Refresh requested types: Bookmarks, Preferences, Passwords, Autofill Profiles, Autofill, Autofill Custom Data, Typed URLs, Extensions, Sessions, Extension settings, History Delete Directives, Device Info, User Consents, Send Tab To Self, Web Apps, Collection, Edge E Drop, Encryption Keys}
{"logTime": "0612/183458", "correlationVector":"Alx+ZPu6jOsk/KIrh4ibfe.1","action":"SyncServerConnectionManagerRequest", "result":"SYNC_SERVER_OK", "context":{"environment":"Prod_WestEurope_000l", "migrationStage":"NotStarted", "server":"GENERAL01000018"}}
{"logTime": "0612/183458", "correlationVector":"Alx+ZPu6jOsk/KIrh4ibfe.2","action":"GetUpdates Response", "result":"SYNCER_OK", "context":Received 1 update(s). cV=Alx+ZPu6jOsk/KIrh4ibfe.0;server=GENERAL01000018;cloudType=Consumer;environment=Prod_WestEurope_000l;migrationStage=NotStarted}
{"logTime": "0612/183510", "correlationVector":"GyQpmNP252W5Oj8Tm/tLcI","action":"Normal GetUpdate request", "result":"", "context":cV=GyQpmNP252W5Oj8Tm/tLcI
Nudged types: Sessions}
{"logTime": "0612/183511", "correlationVector":"GyQpmNP252W5Oj8Tm/tLcI.1","action":"SyncServerConnectionManagerRequest", "result":"SYNC_SERVER_OK", "context":{"environment":"Prod_WestEurope_000l", "migrationStage":"NotStarted", "server":"GENERAL0100000D"}}
{"logTime": "0612/183511", "correlationVector":"GyQpmNP252W5Oj8Tm/tLcI.2","action":"GetUpdates Response", "result":"SYNCER_OK", "context":Received 0 update(s). cV=GyQpmNP252W5Oj8Tm/tLcI.0;server=GENERAL0100000D;cloudType=Consumer;environment=Prod_WestEurope_000l;migrationStage=NotStarted}
{"logTime": "0612/183511", "correlationVector":"xtdmPbrq/05I8jO1H+TBuO","action":"Commit Request", "result":"", "context":Item count: 5
Contributing types: Sessions}
{"logTime": "0612/183511", "correlationVector":"xtdmPbrq/05I8jO1H+TBuO.1","action":"SyncServerConnectionManagerRequest", "result":"SYNC_SERVER_OK", "context":{"environment":"Prod_WestEurope_000l", "migrationStage":"NotStarted", "server":"general0100000X"}}
{"logTime": "0612/183511", "correlationVector":"xtdmPbrq/05I8jO1H+TBuO.2","action":"Commit Response", "result":"SYNCER_OK", "context":Result: SYNCER_OK. cV=xtdmPbrq/05I8jO1H+TBuO.0;server=general0100000X;cloudType=Consumer;environment=Prod_WestEurope_000l;migrationStage=NotStarted}
{"logTime": "0612/183622", "correlationVector":"lFLHyNQEz/QulGPaTjFhfI","action":"Commit Request", "result":"", "context":Item count: 3
Contributing types: Sessions}
{"logTime": "0612/183623", "correlationVector":"lFLHyNQEz/QulGPaTjFhfI.1","action":"SyncServerConnectionManagerRequest", "result":"SYNC_SERVER_OK", "context":{"environment":"Prod_NorthEurope_000h", "migrationStage":"NotStarted", "server":"GENERAL01000012"}}
{"logTime": "0612/183623", "correlationVector":"lFLHyNQEz/QulGPaTjFhfI.2","action":"Commit Response", "result":"SYNCER_OK", "context":Result: SYNCER_OK. cV=lFLHyNQEz/QulGPaTjFhfI.0;server=GENERAL01000012;cloudType=Consumer;environment=Prod_NorthEurope_000h;migrationStage=NotStarted}
{"logTime": "0613/101245", "correlationVector":"RKxRdOTmr8cAZswhxr/343.0","action":"FeedSettingFetch_homeCloud", "result":"0", "context":{}}
{"logTime": "0613/101245", "correlationVector":"C2I5bh4PtM4kLGSMFKf/JL.1","action":"SyncServerConnectionManagerRequest", "result":"SYNC_SERVER_OK", "context":{"environment":"Prod_NorthEurope_000h", "migrationStage":"NotStarted", "server":"GENERAL01000015"}}
{"logTime": "0613/101245", "correlationVector":"C2I5bh4PtM4kLGSMFKf/JL","action":"Initial GetUpdates", "result":"", "context":Reason: NEW_CLIENT. cV=C2I5bh4PtM4kLGSMFKf/JL}
{"logTime": "0613/101245", "correlationVector":"C2I5bh4PtM4kLGSMFKf/JL.2","action":"GetUpdates Response", "result":"SYNCER_OK", "context":Received 1 update(s). cV=C2I5bh4PtM4kLGSMFKf/JL.0;server=GENERAL01000015;cloudType=Consumer;environment=Prod_NorthEurope_000h;migrationStage=NotStarted}
{"logTime": "0613/101245", "correlationVector":"GVbhR+P+70HvHrK3qZLwXC","action":"Normal GetUpdate request", "result":"", "context":cV=GVbhR+P+70HvHrK3qZLwXC
Nudged types: Sessions, User Consents
Refresh requested types: Bookmarks, Preferences, Autofill Custom Data, Typed URLs, Extensions, Sessions, Extension settings, History Delete Directives, Device Info, User Consents, Send Tab To Self, Web Apps, Collection, Edge E Drop, Encryption Keys}
{"logTime": "0613/101245", "correlationVector":"GVbhR+P+70HvHrK3qZLwXC.1","action":"SyncServerConnectionManagerRequest", "result":"SYNC_SERVER_OK", "context":{"environment":"Prod_WestEurope_000l", "migrationStage":"NotStarted", "server":"GENERAL0100000O"}}
{"logTime": "0613/101245", "correlationVector":"GVbhR+P+70HvHrK3qZLwXC.2","action":"GetUpdates", "result":"DeleteReceived", "context":{"id":"450aa566-dd52-4aef-837c-49924d0d0008", "isDeleted:":"true", "version":"1686644476002"}}
{"logTime": "0613/101246", "correlationVector":"GVbhR+P+70HvHrK3qZLwXC.3","action":"GetUpdates", "result":"DeleteReceived", "context":{"id":"baecb762-f2bf-46b5-8c87-e6ae093a2788", "isDeleted:":"true", "version":"1686644476003"}}
{"logTime": "0613/101246", "correlationVector":"GVbhR+P+70HvHrK3qZLwXC.4","action":"GetUpdates", "result":"DeleteReceived", "context":{"id":"10fdc3d0-11e7-472f-81a7-a176d468117c", "isDeleted:":"true", "version":"1686644476004"}}
{"logTime": "0613/101246", "correlationVector":"GVbhR+P+70HvHrK3qZLwXC.5","action":"GetUpdates", "result":"DeleteReceived", "context":{"id":"c9a2dbd0-988b-4a51-b865-7a7ca2e35fac", "isDeleted:":"true", "version":"1686644476005"}}
{"logTime": "0613/101246", "correlationVector":"GVbhR+P+70HvHrK3qZLwXC.6","action":"GetUpdates", "result":"DeleteReceived", "context":{"id":"a76d2457-f73a-4c3c-8f5a-91f89e0aafc6", "isDeleted:":"true", "version":"1686644476007"}}
{"logTime": "0613/101246", "correlationVector":"GVbhR+P+70HvHrK3qZLwXC.7","action":"GetUpdates", "result":"DeleteReceived", "context":{"id":"fa15abaa-196a-4920-bad7-bb92d49a11ae", "isDeleted:":"true", "version":"1686644476012"}}
{"logTime": "0613/101246", "correlationVector":"GVbhR+P+70HvHrK3qZLwXC.8","action":"GetUpdates", "result":"DeleteReceived", "context":{"id":"047a8005-565a-46c6-90fb-aa708bacfc4e", "isDeleted:":"true", "version":"1686644476014"}}
{"logTime": "0613/101246", "correlationVector":"GVbhR+P+70HvHrK3qZLwXC.9","action":"GetUpdates Response", "result":"SYNCER_OK", "context":Received 16 update(s). cV=GVbhR+P+70HvHrK3qZLwXC.0;server=GENERAL0100000O;cloudType=Consumer;environment=Prod_WestEurope_000l;migrationStage=NotStarted}
{"logTime": "0613/101246", "correlationVector":"D3cd60UsOHaS5YEcy81DLy","action":"Commit Request", "result":"", "context":Item count: 1
Contributing types: User Consents}
{"logTime": "0613/101246", "correlationVector":"D3cd60UsOHaS5YEcy81DLy.1","action":"SyncServerConnectionManagerRequest", "result":"SYNC_SERVER_OK", "context":{"environment":"Prod_WestEurope_000l", "migrationStage":"NotStarted", "server":"GENERAL0100000H"}}
{"logTime": "0613/101246", "correlationVector":"D3cd60UsOHaS5YEcy81DLy.2","action":"Commit Response", "result":"SYNCER_OK", "context":Result: SYNCER_OK. cV=D3cd60UsOHaS5YEcy81DLy.0;server=GENERAL0100000H;cloudType=Consumer;environment=Prod_WestEurope_000l;migrationStage=NotStarted}
{"logTime": "0613/101246", "correlationVector":"ri/xbvj8LGSdWDwH50Jf80","action":"SyncServerConnectionManagerRequest", "result":"SYNC_SERVER_OK", "context":{"environment":"", "migrationStage":"", "server":""}}
{"logTime": "0613/101246", "correlationVector":"IuORLuC62wXgk4jILyhd8F","action":"Normal GetUpdate request", "result":"", "context":cV=IuORLuC62wXgk4jILyhd8F
Nudged types: Sessions
Refresh requested types: Encryption Keys}
{"logTime": "0613/101246", "correlationVector":"IuORLuC62wXgk4jILyhd8F.1","action":"SyncServerConnectionManagerRequest", "result":"SYNC_SERVER_OK", "context":{"environment":"Prod_WestEurope_x00e", "migrationStage":"NotStarted", "server":"GENERAL0100001N"}}
{"logTime": "0613/101246", "correlationVector":"IuORLuC62wXgk4jILyhd8F.2","action":"GetUpdates Response", "result":"SYNCER_OK", "context":Received 0 update(s). cV=IuORLuC62wXgk4jILyhd8F.0;server=GENERAL0100001N;cloudType=Consumer;environment=Prod_WestEurope_x00e;migrationStage=NotStarted}
{"logTime": "0613/101246", "correlationVector":"wMqEZMvwbEN4Zmqz3noLVH","action":"Commit Request", "result":"", "context":Item count: 9
Contributing types: Sessions}
{"logTime": "0613/101246", "correlationVector":"wMqEZMvwbEN4Zmqz3noLVH.1","action":"SyncServerConnectionManagerRequest", "result":"SYNC_SERVER_OK", "context":{"environment":"Prod_WestEurope_x00e", "migrationStage":"NotStarted", "server":"GENERAL01000007"}}
{"logTime": "0613/101246", "correlationVector":"wMqEZMvwbEN4Zmqz3noLVH.2","action":"Commit Response", "result":"SYNCER_OK", "context":Result: SYNCER_OK. cV=wMqEZMvwbEN4Zmqz3noLVH.0;server=GENERAL01000007;cloudType=Consumer;environment=Prod_WestEurope_x00e;migrationStage=NotStarted}
{"logTime": "0613/101246", "correlationVector":"5NbimYrpyBy//fqjpGWgFK","action":"Initial GetUpdates", "result":"", "context":Reason: NEWLY_SUPPORTED_DATATYPE. cV=5NbimYrpyBy//fqjpGWgFK}
{"logTime": "0613/101246", "correlationVector":"5NbimYrpyBy//fqjpGWgFK.1","action":"SyncServerConnectionManagerRequest", "result":"SYNC_SERVER_OK", "context":{"environment":"Prod_WestEurope_x00e", "migrationStage":"NotStarted", "server":"GENERAL0100002G"}}
{"logTime": "0613/101246", "correlationVector":"5NbimYrpyBy//fqjpGWgFK.2","action":"GetUpdates Response", "result":"SYNCER_OK", "context":Received 94 update(s). cV=5NbimYrpyBy//fqjpGWgFK.0;server=GENERAL0100002G;cloudType=Consumer;environment=Prod_WestEurope_x00e;migrationStage=NotStarted}
{"logTime": "0613/101246", "correlationVector":"jw4xmPS4mdocYtjuJLzCPz","action":"Normal GetUpdate request", "result":"", "context":cV=jw4xmPS4mdocYtjuJLzCPz
Nudged types: Sessions
Refresh requested types: Bookmarks, Preferences, Passwords, Autofill Profiles, Autofill, Autofill Custom Data, Typed URLs, Extensions, Sessions, Extension settings, History Delete Directives, Device Info, User Consents, Send Tab To Self, Web Apps, Collection, Edge E Drop, Encryption Keys}
{"logTime": "0613/101247", "correlationVector":"jw4xmPS4mdocYtjuJLzCPz.1","action":"SyncServerConnectionManagerRequest", "result":"SYNC_SERVER_OK", "context":{"environment":"Prod_WestEurope_x00e", "migrationStage":"NotStarted", "server":"GENERAL0100001K"}}
{"logTime": "0613/101247", "correlationVector":"jw4xmPS4mdocYtjuJLzCPz.2","action":"GetUpdates Response", "result":"SYNCER_OK", "context":Received 9 update(s). cV=jw4xmPS4mdocYtjuJLzCPz.0;server=GENERAL0100001K;cloudType=Consumer;environment=Prod_WestEurope_x00e;migrationStage=NotStarted}
{"logTime": "0613/101247", "correlationVector":"tugEj/dxyqNcSZGJbzqR77","action":"Normal GetUpdate request", "result":"", "context":cV=tugEj/dxyqNcSZGJbzqR77
Nudged types: Sessions}
{"logTime": "0613/101247", "correlationVector":"tugEj/dxyqNcSZGJbzqR77.1","action":"SyncServerConnectionManagerRequest", "result":"SYNC_SERVER_OK", "context":{"environment":"Prod_NorthEurope_000h", "migrationStage":"NotStarted", "server":"GENERAL0100001E"}}
{"logTime": "0613/101247", "correlationVector":"tugEj/dxyqNcSZGJbzqR77.2","action":"GetUpdates Response", "result":"SYNCER_OK", "context":Received 0 update(s). cV=tugEj/dxyqNcSZGJbzqR77.0;server=GENERAL0100001E;cloudType=Consumer;environment=Prod_NorthEurope_000h;migrationStage=NotStarted}
{"logTime": "0613/101247", "correlationVector":"4HAI9wprW9ITAK5CcUDv2u","action":"Commit Request", "result":"", "context":Item count: 1
Contributing types: Sessions}
{"logTime": "0613/101247", "correlationVector":"4HAI9wprW9ITAK5CcUDv2u.1","action":"SyncServerConnectionManagerRequest", "result":"SYNC_SERVER_OK", "context":{"environment":"Prod_NorthEurope_x00f", "migrationStage":"NotStarted", "server":"GENERAL0100001E"}}
{"logTime": "0613/101247", "correlationVector":"4HAI9wprW9ITAK5CcUDv2u.2","action":"Commit Response", "result":"SYNCER_OK", "context":Result: SYNCER_OK. cV=4HAI9wprW9ITAK5CcUDv2u.0;server=GENERAL0100001E;cloudType=Consumer;environment=Prod_NorthEurope_x00f;migrationStage=NotStarted}
{"logTime": "0613/101251", "correlationVector":"E89ot98HjFKRVoJQ2APV+x","action":"Normal GetUpdate request", "result":"", "context":cV=E89ot98HjFKRVoJQ2APV+x
Nudged types: Sessions}
{"logTime": "0613/101252", "correlationVector":"E89ot98HjFKRVoJQ2APV+x.1","action":"SyncServerConnectionManagerRequest", "result":"SYNC_SERVER_OK", "context":{"environment":"Prod_SoutheastAsia_000j", "migrationStage":"NotStarted", "server":"GENERAL0100000D"}}
{"logTime": "0613/101252", "correlationVector":"E89ot98HjFKRVoJQ2APV+x.2","action":"GetUpdates Response", "result":"SYNCER_OK", "context":Received 1 update(s). cV=E89ot98HjFKRVoJQ2APV+x.0;server=GENERAL0100000D;cloudType=Consumer;environment=Prod_SoutheastAsia_000j;migrationStage=NotStarted}
{"logTime": "0613/101333", "correlationVector":"iHQ4FE8a4ENUPQK3tvzT6z","action":"Poll GetUpdate request", "result":"", "context":cV=iHQ4FE8a4ENUPQK3tvzT6z}
{"logTime": "0613/101405", "correlationVector":"iHQ4FE8a4ENUPQK3tvzT6z.1","action":"SyncServerConnectionManagerRequest", "result":"SYNC_SERVER_OK", "context":{"environment":"Prod_NorthEurope_000h", "migrationStage":"NotStarted", "server":"GENERAL0100002C"}}
{"logTime": "0613/101405", "correlationVector":"iHQ4FE8a4ENUPQK3tvzT6z.2","action":"GetUpdates Response", "result":"SYNCER_OK", "context":Received 0 update(s). cV=iHQ4FE8a4ENUPQK3tvzT6z.0;server=GENERAL0100002C;cloudType=Consumer;environment=Prod_NorthEurope_000h;migrationStage=NotStarted}
{"logTime": "0613/101647", "correlationVector":"7DqOUoNEE7ITtohMz9hgST","action":"Commit Request", "result":"", "context":Item count: 3
Contributing types: Sessions}
{"logTime": "0613/101649", "correlationVector":"7DqOUoNEE7ITtohMz9hgST.1","action":"SyncServerConnectionManagerRequest", "result":"SYNC_SERVER_OK", "context":{"environment":"Prod_NorthEurope_000h", "migrationStage":"NotStarted", "server":"GENERAL0100000A"}}
{"logTime": "0613/101649", "correlationVector":"7DqOUoNEE7ITtohMz9hgST.2","action":"Commit Response", "result":"SYNCER_OK", "context":Result: SYNCER_OK. cV=7DqOUoNEE7ITtohMz9hgST.0;server=GENERAL0100000A;cloudType=Consumer;environment=Prod_NorthEurope_000h;migrationStage=NotStarted}
{"logTime": "0614/074737", "correlationVector":"S9Aqgk4ZWVJOznD7YZouim.0","action":"FeedSettingFetch_homeCloud", "result":"0", "context":{}}
{"logTime": "0614/074737", "correlationVector":"iXXAlRTWnd/I1CgFw/769V.1","action":"SyncServerConnectionManagerRequest", "result":"SYNC_SERVER_OK", "context":{"environment":"Prod_SoutheastAsia_000j", "migrationStage":"NotStarted", "server":"GENERAL0100000D"}}
{"logTime": "0614/074737", "correlationVector":"iXXAlRTWnd/I1CgFw/769V","action":"Initial GetUpdates", "result":"", "context":Reason: NEW_CLIENT. cV=iXXAlRTWnd/I1CgFw/769V}
{"logTime": "0614/074737", "correlationVector":"iXXAlRTWnd/I1CgFw/769V.2","action":"GetUpdates Response", "result":"SYNCER_OK", "context":Received 1 update(s). cV=iXXAlRTWnd/I1CgFw/769V.0;server=GENERAL0100000D;cloudType=Consumer;environment=Prod_SoutheastAsia_000j;migrationStage=NotStarted}
{"logTime": "0614/074738", "correlationVector":"dRCPygjr2G0JSI7AEpMCye","action":"SyncServerConnectionManagerRequest", "result":"SYNC_SERVER_OK", "context":{"environment":"", "migrationStage":"", "server":""}}
{"logTime": "0614/074738", "correlationVector":"KlYPARBjmzgXx78EpXjXm6","action":"Normal GetUpdate request", "result":"", "context":cV=KlYPARBjmzgXx78EpXjXm6
Nudged types: Sessions, Device Info, User Consents
Refresh requested types: Bookmarks, Preferences, Autofill Custom Data, Typed URLs, Extensions, Sessions, Extension settings, History Delete Directives, Device Info, User Consents, Send Tab To Self, Web Apps, Collection, Edge E Drop, Encryption Keys}
{"logTime": "0614/074738", "correlationVector":"KlYPARBjmzgXx78EpXjXm6.1","action":"SyncServerConnectionManagerRequest", "result":"SYNC_SERVER_OK", "context":{"environment":"Prod_SoutheastAsia_000j", "migrationStage":"NotStarted", "server":"GENERAL01000017"}}
{"logTime": "0614/074738", "correlationVector":"KlYPARBjmzgXx78EpXjXm6.2","action":"GetUpdates Response", "result":"SYNCER_OK", "context":Received 3 update(s). cV=KlYPARBjmzgXx78EpXjXm6.0;server=GENERAL01000017;cloudType=Consumer;environment=Prod_SoutheastAsia_000j;migrationStage=NotStarted}
{"logTime": "0614/074738", "correlationVector":"gtK0vPMyBzHrodzuHLVQPf","action":"Commit Request", "result":"", "context":Item count: 1
Contributing types: Device Info}
{"logTime": "0614/074738", "correlationVector":"gtK0vPMyBzHrodzuHLVQPf.1","action":"SyncServerConnectionManagerRequest", "result":"SYNC_SERVER_OK", "context":{"environment":"Prod_SoutheastAsia_000j", "migrationStage":"NotStarted", "server":"GENERAL0100000T"}}
{"logTime": "0614/074738", "correlationVector":"gtK0vPMyBzHrodzuHLVQPf.2","action":"Commit Response", "result":"SYNCER_OK", "context":Result: SYNCER_OK. cV=gtK0vPMyBzHrodzuHLVQPf.0;server=GENERAL0100000T;cloudType=Consumer;environment=Prod_SoutheastAsia_000j;migrationStage=NotStarted}
{"logTime": "0614/074738", "correlationVector":"dLuIR/mNEPxqFrN7PgIZLf","action":"Commit Request", "result":"", "context":Item count: 20
Contributing types: Sessions}
{"logTime": "0614/074738", "correlationVector":"dLuIR/mNEPxqFrN7PgIZLf.1","action":"SyncServerConnectionManagerRequest", "result":"SYNC_SERVER_OK", "context":{"environment":"Prod_SoutheastAsia_000j", "migrationStage":"NotStarted", "server":"GENERAL01000017"}}
{"logTime": "0614/074738", "correlationVector":"dLuIR/mNEPxqFrN7PgIZLf.2","action":"Commit Response", "result":"SYNCER_OK", "context":Result: SYNCER_OK. cV=dLuIR/mNEPxqFrN7PgIZLf.0;server=GENERAL01000017;cloudType=Consumer;environment=Prod_SoutheastAsia_000j;migrationStage=NotStarted}
{"logTime": "0614/074738", "correlationVector":"dLuIR/mNEPxqFrN7PgIZLf.3","action":"Commit.Sessions", "result":"Success", "context":{"id":"33d63d95-a4dd-46d8-aed7-d8a777a12d35", "isDeleted":"true", "size":"0", "version":"1686651110851"}}
{"logTime": "0614/074738", "correlationVector":"dLuIR/mNEPxqFrN7PgIZLf.4","action":"Commit.Sessions", "result":"Success", "context":{"id":"a36b6c1f-1430-4773-90e6-2f0f60e947ae", "isDeleted":"true", "size":"0", "version":"1686651110852"}}
{"logTime": "0614/074738", "correlationVector":"dLuIR/mNEPxqFrN7PgIZLf.5","action":"Commit.Sessions", "result":"Success", "context":{"id":"20e54c25-12a1-4850-86ed-1c76fb0d8d79", "isDeleted":"true", "size":"0", "version":"1686651140870"}}
{"logTime": "0614/074738", "correlationVector":"dLuIR/mNEPxqFrN7PgIZLf.6","action":"Commit.Sessions", "result":"Success", "context":{"id":"afe5890f-8d78-4741-b32a-673ff8311daf", "isDeleted":"true", "size":"0", "version":"1686651408611"}}
{"logTime": "0614/074738", "correlationVector":"dLuIR/mNEPxqFrN7PgIZLf.7","action":"Commit.Sessions", "result":"Success", "context":{"id":"bc872ebb-ec96-42f7-8b4d-6c071032b3cb", "isDeleted":"true", "size":"0", "version":"1686651110854"}}
{"logTime": "0614/074738", "correlationVector":"dLuIR/mNEPxqFrN7PgIZLf.8","action":"Commit.Sessions", "result":"Success", "context":{"id":"9bc32260-8a6b-4781-9f62-6c5c64506ed3", "isDeleted":"true", "size":"0", "version":"1686651110856"}}
{"logTime": "0614/074738", "correlationVector":"dLuIR/mNEPxqFrN7PgIZLf.9","action":"Commit.Sessions", "result":"Success", "context":{"id":"47132fa7-215e-4174-a10d-a1bade8907d2", "isDeleted":"true", "size":"0", "version":"1686651110857"}}
{"logTime": "0614/074738", "correlationVector":"dLuIR/mNEPxqFrN7PgIZLf.10","action":"Commit.Sessions", "result":"Success", "context":{"id":"40eefdad-a70e-4cba-abe8-d8a4f959533b", "isDeleted":"true", "size":"0", "version":"1686651110858"}}
{"logTime": "0614/074738", "correlationVector":"dLuIR/mNEPxqFrN7PgIZLf.11","action":"Commit.Sessions", "result":"Success", "context":{"id":"9705f7e2-3344-4f9e-af6e-f3c5bab1e3e2", "isDeleted":"true", "size":"0", "version":"1686651408613"}}
{"logTime": "0614/074738", "correlationVector":"3lKK8f9+Aet/ggFdfY5p4h","action":"Commit Request", "result":"", "context":Item count: 3
Contributing types: Sessions, User Consents}
{"logTime": "0614/074738", "correlationVector":"3lKK8f9+Aet/ggFdfY5p4h.1","action":"SyncServerConnectionManagerRequest", "result":"SYNC_SERVER_OK", "context":{"environment":"Prod_SoutheastAsia_000j", "migrationStage":"NotStarted", "server":"GENERAL0100001E"}}
{"logTime": "0614/074738", "correlationVector":"3lKK8f9+Aet/ggFdfY5p4h.3","action":"Commit.Sessions", "result":"Success", "context":{"id":"bf323625-7421-443f-ae71-42e6650dc095", "isDeleted":"true", "size":"0", "version":"1686651110859"}}
{"logTime": "0614/074738", "correlationVector":"3lKK8f9+Aet/ggFdfY5p4h.2","action":"Commit Response", "result":"SYNCER_OK", "context":Result: SYNCER_OK. cV=3lKK8f9+Aet/ggFdfY5p4h.0;server=GENERAL0100001E;cloudType=Consumer;environment=Prod_SoutheastAsia_000j;migrationStage=NotStarted}
{"logTime": "0614/074738", "correlationVector":"lxb9FyxBC5Etsqm5kQKUYS","action":"Initial GetUpdates", "result":"", "context":Reason: NEWLY_SUPPORTED_DATATYPE. cV=lxb9FyxBC5Etsqm5kQKUYS}
{"logTime": "0614/074738", "correlationVector":"lxb9FyxBC5Etsqm5kQKUYS.1","action":"SyncServerConnectionManagerRequest", "result":"SYNC_SERVER_OK", "context":{"environment":"Prod_SoutheastAsia_000j", "migrationStage":"NotStarted", "server":"GENERAL0100000Y"}}
{"logTime": "0614/074738", "correlationVector":"lxb9FyxBC5Etsqm5kQKUYS.2","action":"GetUpdates Response", "result":"SYNCER_OK", "context":Received 94 update(s). cV=lxb9FyxBC5Etsqm5kQKUYS.0;server=GENERAL0100000Y;cloudType=Consumer;environment=Prod_SoutheastAsia_000j;migrationStage=NotStarted}
{"logTime": "0614/074738", "correlationVector":"cyaovs2nGIL7DRC/ukjoKz","action":"Normal GetUpdate request", "result":"", "context":cV=cyaovs2nGIL7DRC/ukjoKz
Nudged types: Sessions, Device Info
Refresh requested types: Bookmarks, Preferences, Passwords, Autofill Profiles, Autofill, Autofill Custom Data, Typed URLs, Extensions, Sessions, Extension settings, History Delete Directives, Device Info, User Consents, Send Tab To Self, Web Apps, Collection, Edge E Drop, Encryption Keys}
{"logTime": "0614/074738", "correlationVector":"cyaovs2nGIL7DRC/ukjoKz.1","action":"SyncServerConnectionManagerRequest", "result":"SYNC_SERVER_OK", "context":{"environment":"Prod_SoutheastAsia_000j", "migrationStage":"NotStarted", "server":"GENERAL01000007"}}
{"logTime": "0614/074738", "correlationVector":"cyaovs2nGIL7DRC/ukjoKz.2","action":"GetUpdates", "result":"DeleteReceived", "context":{"id":"33d63d95-a4dd-46d8-aed7-d8a777a12d35", "isDeleted:":"true", "version":"1686728804297"}}
{"logTime": "0614/074738", "correlationVector":"cyaovs2nGIL7DRC/ukjoKz.3","action":"GetUpdates", "result":"DeleteReceived", "context":{"id":"a36b6c1f-1430-4773-90e6-2f0f60e947ae", "isDeleted:":"true", "version":"1686728804298"}}
{"logTime": "0614/074738", "correlationVector":"cyaovs2nGIL7DRC/ukjoKz.4","action":"GetUpdates", "result":"DeleteReceived", "context":{"id":"20e54c25-12a1-4850-86ed-1c76fb0d8d79", "isDeleted:":"true", "version":"1686728804299"}}
{"logTime": "0614/074738", "correlationVector":"cyaovs2nGIL7DRC/ukjoKz.5","action":"GetUpdates", "result":"DeleteReceived", "context":{"id":"afe5890f-8d78-4741-b32a-673ff8311daf", "isDeleted:":"true", "version":"1686728804306"}}
{"logTime": "0614/074738", "correlationVector":"cyaovs2nGIL7DRC/ukjoKz.6","action":"GetUpdates", "result":"DeleteReceived", "context":{"id":"bc872ebb-ec96-42f7-8b4d-6c071032b3cb", "isDeleted:":"true", "version":"1686728804307"}}
{"logTime": "0614/074738", "correlationVector":"cyaovs2nGIL7DRC/ukjoKz.7","action":"GetUpdates", "result":"DeleteReceived", "context":{"id":"9bc32260-8a6b-4781-9f62-6c5c64506ed3", "isDeleted:":"true", "version":"1686728804310"}}
{"logTime": "0614/074738", "correlationVector":"cyaovs2nGIL7DRC/ukjoKz.8","action":"GetUpdates", "result":"DeleteReceived", "context":{"id":"47132fa7-215e-4174-a10d-a1bade8907d2", "isDeleted:":"true", "version":"1686728804313"}}
{"logTime": "0614/074738", "correlationVector":"cyaovs2nGIL7DRC/ukjoKz.9","action":"GetUpdates", "result":"DeleteReceived", "context":{"id":"40eefdad-a70e-4cba-abe8-d8a4f959533b", "isDeleted:":"true", "version":"1686728804315"}}
{"logTime": "0614/074738", "correlationVector":"cyaovs2nGIL7DRC/ukjoKz.10","action":"GetUpdates", "result":"DeleteReceived", "context":{"id":"9705f7e2-3344-4f9e-af6e-f3c5bab1e3e2", "isDeleted:":"true", "version":"1686728804316"}}
{"logTime": "0614/074738", "correlationVector":"cyaovs2nGIL7DRC/ukjoKz.11","action":"GetUpdates", "result":"DeleteReceived", "context":{"id":"bf323625-7421-443f-ae71-42e6650dc095", "isDeleted:":"true", "version":"1686728806081"}}
{"logTime": "0614/074738", "correlationVector":"cyaovs2nGIL7DRC/ukjoKz.12","action":"GetUpdates Response", "result":"SYNCER_OK", "context":Received 23 update(s). cV=cyaovs2nGIL7DRC/ukjoKz.0;server=GENERAL01000007;cloudType=Consumer;environment=Prod_SoutheastAsia_000j;migrationStage=NotStarted}
{"logTime": "0614/074738", "correlationVector":"e0Ulw9OY/7DFFbPnAErDKf","action":"Normal GetUpdate request", "result":"", "context":cV=e0Ulw9OY/7DFFbPnAErDKf
Nudged types: Sessions}
{"logTime": "0614/074738", "correlationVector":"e0Ulw9OY/7DFFbPnAErDKf.1","action":"SyncServerConnectionManagerRequest", "result":"SYNC_SERVER_OK", "context":{"environment":"Prod_SoutheastAsia_000j", "migrationStage":"NotStarted", "server":"GENERAL01000016"}}
{"logTime": "0614/074738", "correlationVector":"e0Ulw9OY/7DFFbPnAErDKf.2","action":"GetUpdates Response", "result":"SYNCER_OK", "context":Received 0 update(s). cV=e0Ulw9OY/7DFFbPnAErDKf.0;server=GENERAL01000016;cloudType=Consumer;environment=Prod_SoutheastAsia_000j;migrationStage=NotStarted}
{"logTime": "0614/074738", "correlationVector":"/IyHHLVk8sNDDK77nk6dtV","action":"Commit Request", "result":"", "context":Item count: 1
Contributing types: Sessions}
{"logTime": "0614/074738", "correlationVector":"/IyHHLVk8sNDDK77nk6dtV.1","action":"SyncServerConnectionManagerRequest", "result":"SYNC_SERVER_OK", "context":{"environment":"Prod_SoutheastAsia_000j", "migrationStage":"NotStarted", "server":"GENERAL0100000A"}}
{"logTime": "0614/074738", "correlationVector":"/IyHHLVk8sNDDK77nk6dtV.2","action":"Commit Response", "result":"SYNCER_OK", "context":Result: SYNCER_OK. cV=/IyHHLVk8sNDDK77nk6dtV.0;server=GENERAL0100000A;cloudType=Consumer;environment=Prod_SoutheastAsia_000j;migrationStage=NotStarted}
{"logTime": "0614/074757", "correlationVector":"N5Isqk/IrJwZko4xEZClru","action":"Normal GetUpdate request", "result":"", "context":cV=N5Isqk/IrJwZko4xEZClru
Nudged types: Sessions}
{"logTime": "0614/074801", "correlationVector":"N5Isqk/IrJwZko4xEZClru.1","action":"SyncServerConnectionManagerRequest", "result":"SYNC_SERVER_OK", "context":{"environment":"Prod_SoutheastAsia_000j", "migrationStage":"NotStarted", "server":"GENERAL0100000Z"}}
{"logTime": "0614/074801", "correlationVector":"N5Isqk/IrJwZko4xEZClru.2","action":"GetUpdates Response", "result":"SYNCER_OK", "context":Received 1 update(s). cV=N5Isqk/IrJwZko4xEZClru.0;server=GENERAL0100000Z;cloudType=Consumer;environment=Prod_SoutheastAsia_000j;migrationStage=NotStarted}
{"logTime": "0614/074801", "correlationVector":"H4Kizd7G52KddAMR7Mx7rs","action":"Commit Request", "result":"", "context":Item count: 1
Contributing types: Sessions}
{"logTime": "0614/074802", "correlationVector":"H4Kizd7G52KddAMR7Mx7rs.1","action":"SyncServerConnectionManagerRequest", "result":"SYNC_SERVER_OK", "context":{"environment":"Prod_SoutheastAsia_000j", "migrationStage":"NotStarted", "server":"GENERAL0100000Z"}}
{"logTime": "0614/074802", "correlationVector":"H4Kizd7G52KddAMR7Mx7rs.2","action":"Commit Response", "result":"SYNCER_OK", "context":Result: SYNCER_OK. cV=H4Kizd7G52KddAMR7Mx7rs.0;server=GENERAL0100000Z;cloudType=Consumer;environment=Prod_SoutheastAsia_000j;migrationStage=NotStarted}
{"logTime": "0614/074849", "correlationVector":"QZ3abDacxL1ybOnA2dfty/","action":"Commit Request", "result":"", "context":Item count: 2
Contributing types: Passwords, Sessions}
{"logTime": "0614/074850", "correlationVector":"QZ3abDacxL1ybOnA2dfty/.1","action":"SyncServerConnectionManagerRequest", "result":"SYNC_SERVER_OK", "context":{"environment":"Prod_SoutheastAsia_000j", "migrationStage":"NotStarted", "server":"GENERAL0100000R"}}
{"logTime": "0614/074850", "correlationVector":"QZ3abDacxL1ybOnA2dfty/.2","action":"Commit Response", "result":"SYNCER_OK", "context":Result: SYNCER_OK. cV=QZ3abDacxL1ybOnA2dfty/.0;server=GENERAL0100000R;cloudType=Consumer;environment=Prod_SoutheastAsia_000j;migrationStage=NotStarted}
{"logTime": "0614/074909", "correlationVector":"8vlu0VcKZqJ18qk/igb9Xp","action":"Poll GetUpdate request", "result":"", "context":cV=8vlu0VcKZqJ18qk/igb9Xp}
{"logTime": "0614/074910", "correlationVector":"8vlu0VcKZqJ18qk/igb9Xp.1","action":"SyncServerConnectionManagerRequest", "result":"SYNC_SERVER_OK", "context":{"environment":"Prod_SoutheastAsia_000j", "migrationStage":"NotStarted", "server":"GENERAL0100000R"}}
{"logTime": "0614/074910", "correlationVector":"8vlu0VcKZqJ18qk/igb9Xp.2","action":"GetUpdates Response", "result":"SYNCER_OK", "context":Received 2 update(s). cV=8vlu0VcKZqJ18qk/igb9Xp.0;server=GENERAL0100000R;cloudType=Consumer;environment=Prod_SoutheastAsia_000j;migrationStage=NotStarted}
{"logTime": "0614/075132", "correlationVector":"ej72dFH8Qyipg2vxTAt7Jh","action":"Commit Request", "result":"", "context":Item count: 12
Contributing types: Sessions}
{"logTime": "0614/075133", "correlationVector":"ej72dFH8Qyipg2vxTAt7Jh.1","action":"SyncServerConnectionManagerRequest", "result":"SYNC_SERVER_OK", "context":{"environment":"Prod_SoutheastAsia_000j", "migrationStage":"NotStarted", "server":"GENERAL0100000T"}}
{"logTime": "0614/075133", "correlationVector":"ej72dFH8Qyipg2vxTAt7Jh.3","action":"Commit.Sessions", "result":"Success", "context":{"id":"8eb0d2bf-21be-4827-9a8a-12350d997029", "isDeleted":"true", "size":"0", "version":"1686728804300"}}
{"logTime": "0614/075133", "correlationVector":"ej72dFH8Qyipg2vxTAt7Jh.4","action":"Commit.Sessions", "result":"Success", "context":{"id":"efab930c-8a86-4cdb-9406-10c75326c398", "isDeleted":"true", "size":"0", "version":"1686728804301"}}
{"logTime": "0614/075133", "correlationVector":"ej72dFH8Qyipg2vxTAt7Jh.5","action":"Commit.Sessions", "result":"Success", "context":{"id":"9ec24271-d858-48d4-bdf8-320e771df538", "isDeleted":"true", "size":"0", "version":"1686728804302"}}
{"logTime": "0614/075133", "correlationVector":"ej72dFH8Qyipg2vxTAt7Jh.6","action":"Commit.Sessions", "result":"Success", "context":{"id":"fbcbdc85-74b6-4ca8-8fe3-7ae35d3b4b6c", "isDeleted":"true", "size":"0", "version":"1686728804303"}}
{"logTime": "0614/075133", "correlationVector":"ej72dFH8Qyipg2vxTAt7Jh.2","action":"Commit Response", "result":"SYNCER_OK", "context":Result: SYNCER_OK. cV=ej72dFH8Qyipg2vxTAt7Jh.0;server=GENERAL0100000T;cloudType=Consumer;environment=Prod_SoutheastAsia_000j;migrationStage=NotStarted}
{"logTime": "0614/075133", "correlationVector":"ej72dFH8Qyipg2vxTAt7Jh.7","action":"Commit.Sessions", "result":"Success", "context":{"id":"c940e346-08f0-4635-9137-ffb4f5efc3ac", "isDeleted":"true", "size":"0", "version":"1686728804304"}}
{"logTime": "0614/075133", "correlationVector":"ej72dFH8Qyipg2vxTAt7Jh.8","action":"Commit.Sessions", "result":"Success", "context":{"id":"2f856539-6e74-40b4-bff2-c2cd8275bd8b", "isDeleted":"true", "size":"0", "version":"1686728804305"}}
{"logTime": "0614/075133", "correlationVector":"ej72dFH8Qyipg2vxTAt7Jh.9","action":"Commit.Sessions", "result":"Success", "context":{"id":"75857c4c-96fe-4596-bfde-2bc9d5f46aa0", "isDeleted":"true", "size":"0", "version":"1686728804308"}}
{"logTime": "0614/075133", "correlationVector":"ej72dFH8Qyipg2vxTAt7Jh.10","action":"Commit.Sessions", "result":"Success", "context":{"id":"33ab3091-29eb-4f24-8755-ab33885a0151", "isDeleted":"true", "size":"0", "version":"1686728804311"}}
{"logTime": "0614/075133", "correlationVector":"ej72dFH8Qyipg2vxTAt7Jh.11","action":"Commit.Sessions", "result":"Success", "context":{"id":"253d30e2-05e4-46f6-a8fc-c515e73d9b12", "isDeleted":"true", "size":"0", "version":"1686728804312"}}
{"logTime": "0614/075133", "correlationVector":"ej72dFH8Qyipg2vxTAt7Jh.12","action":"Commit.Sessions", "result":"Success", "context":{"id":"567d42fb-acdd-4b94-886a-a144046bfe80", "isDeleted":"true", "size":"0", "version":"1686728806082"}}
{"logTime": "0614/075203", "correlationVector":"Nlr1rM/dkIF1ycpcFqiNKG","action":"Commit Request", "result":"", "context":Item count: 1
Contributing types: Sessions}
{"logTime": "0614/075204", "correlationVector":"Nlr1rM/dkIF1ycpcFqiNKG.1","action":"SyncServerConnectionManagerRequest", "result":"SYNC_SERVER_OK", "context":{"environment":"Prod_SoutheastAsia_000j", "migrationStage":"NotStarted", "server":"GENERAL0100000Q"}}
{"logTime": "0614/075204", "correlationVector":"Nlr1rM/dkIF1ycpcFqiNKG.2","action":"Commit Response", "result":"SYNCER_OK", "context":Result: SYNCER_OK. cV=Nlr1rM/dkIF1ycpcFqiNKG.0;server=GENERAL0100000Q;cloudType=Consumer;environment=Prod_SoutheastAsia_000j;migrationStage=NotStarted}
{"logTime": "0614/075242", "correlationVector":"7xh76fZjtpkytVFktvwvbU","action":"Commit Request", "result":"", "context":Item count: 1
Contributing types: Sessions}
{"logTime": "0614/075243", "correlationVector":"7xh76fZjtpkytVFktvwvbU.1","action":"SyncServerConnectionManagerRequest", "result":"SYNC_SERVER_OK", "context":{"environment":"Prod_SoutheastAsia_000j", "migrationStage":"NotStarted", "server":"general0100000I"}}
{"logTime": "0614/075243", "correlationVector":"7xh76fZjtpkytVFktvwvbU.2","action":"Commit Response", "result":"SYNCER_OK", "context":Result: SYNCER_OK. cV=7xh76fZjtpkytVFktvwvbU.0;server=general0100000I;cloudType=Consumer;environment=Prod_SoutheastAsia_000j;migrationStage=NotStarted}
{"logTime": "0614/080129", "correlationVector":"65INWaN4/b7eHOrlf7dDc3","action":"Commit Request", "result":"", "context":Item count: 1
Contributing types: Sessions}
{"logTime": "0614/080130", "correlationVector":"65INWaN4/b7eHOrlf7dDc3.1","action":"SyncServerConnectionManagerRequest", "result":"SYNC_SERVER_OK", "context":{"environment":"Prod_SoutheastAsia_000j", "migrationStage":"NotStarted", "server":"GENERAL0100000S"}}
{"logTime": "0614/080130", "correlationVector":"65INWaN4/b7eHOrlf7dDc3.2","action":"Commit Response", "result":"SYNCER_OK", "context":Result: SYNCER_OK. cV=65INWaN4/b7eHOrlf7dDc3.0;server=GENERAL0100000S;cloudType=Consumer;environment=Prod_SoutheastAsia_000j;migrationStage=NotStarted}
{"logTime": "0614/080207", "correlationVector":"kLGPxw6HBRBvucVgCa3p2m","action":"Commit Request", "result":"", "context":Item count: 1
Contributing types: Sessions}
{"logTime": "0614/080208", "correlationVector":"kLGPxw6HBRBvucVgCa3p2m.1","action":"SyncServerConnectionManagerRequest", "result":"SYNC_SERVER_OK", "context":{"environment":"Prod_SoutheastAsia_000j", "migrationStage":"NotStarted", "server":"GENERAL01000002"}}
{"logTime": "0614/080208", "correlationVector":"kLGPxw6HBRBvucVgCa3p2m.2","action":"Commit Response", "result":"SYNCER_OK", "context":Result: SYNCER_OK. cV=kLGPxw6HBRBvucVgCa3p2m.0;server=GENERAL01000002;cloudType=Consumer;environment=Prod_SoutheastAsia_000j;migrationStage=NotStarted}
{"logTime": "0614/080928", "correlationVector":"cZVjWhDk6DqwQvrGlU9YdP","action":"Commit Request", "result":"", "context":Item count: 1
Contributing types: Sessions}
{"logTime": "0614/080929", "correlationVector":"cZVjWhDk6DqwQvrGlU9YdP.1","action":"SyncServerConnectionManagerRequest", "result":"SYNC_SERVER_OK", "context":{"environment":"Prod_SoutheastAsia_000j", "migrationStage":"NotStarted", "server":"GENERAL0100000T"}}
{"logTime": "0614/080929", "correlationVector":"cZVjWhDk6DqwQvrGlU9YdP.2","action":"Commit Response", "result":"SYNCER_OK", "context":Result: SYNCER_OK. cV=cZVjWhDk6DqwQvrGlU9YdP.0;server=GENERAL0100000T;cloudType=Consumer;environment=Prod_SoutheastAsia_000j;migrationStage=NotStarted}
{"logTime": "0614/081021", "correlationVector":"NfZdzkuHlafoTwHcT4JpW3","action":"Commit Request", "result":"", "context":Item count: 1
Contributing types: Sessions}
{"logTime": "0614/081021", "correlationVector":"NfZdzkuHlafoTwHcT4JpW3.1","action":"SyncServerConnectionManagerRequest", "result":"SYNC_SERVER_OK", "context":{"environment":"Prod_SoutheastAsia_000j", "migrationStage":"NotStarted", "server":"GENERAL0100000H"}}
{"logTime": "0614/081021", "correlationVector":"NfZdzkuHlafoTwHcT4JpW3.2","action":"Commit Response", "result":"SYNCER_OK", "context":Result: SYNCER_OK. cV=NfZdzkuHlafoTwHcT4JpW3.0;server=GENERAL0100000H;cloudType=Consumer;environment=Prod_SoutheastAsia_000j;migrationStage=NotStarted}
{"logTime": "0614/081151", "correlationVector":"7sPgDQPIscGuLVMzTrqrS4","action":"Commit Request", "result":"", "context":Item count: 1
Contributing types: Sessions}
{"logTime": "0614/081152", "correlationVector":"7sPgDQPIscGuLVMzTrqrS4.1","action":"SyncServerConnectionManagerRequest", "result":"SYNC_SERVER_OK", "context":{"environment":"Prod_SoutheastAsia_000j", "migrationStage":"NotStarted", "server":"GENERAL0100001C"}}
{"logTime": "0614/081152", "correlationVector":"7sPgDQPIscGuLVMzTrqrS4.2","action":"Commit Response", "result":"SYNCER_OK", "context":Result: SYNCER_OK. cV=7sPgDQPIscGuLVMzTrqrS4.0;server=GENERAL0100001C;cloudType=Consumer;environment=Prod_SoutheastAsia_000j;migrationStage=NotStarted}
{"logTime": "0614/081255", "correlationVector":"3esqmQ1yP4cii+T6TQHXQv","action":"Commit Request", "result":"", "context":Item count: 1
Contributing types: Sessions}
{"logTime": "0614/081256", "correlationVector":"3esqmQ1yP4cii+T6TQHXQv.1","action":"SyncServerConnectionManagerRequest", "result":"SYNC_SERVER_OK", "context":{"environment":"Prod_SoutheastAsia_000j", "migrationStage":"NotStarted", "server":"general0100000B"}}
{"logTime": "0614/081256", "correlationVector":"3esqmQ1yP4cii+T6TQHXQv.2","action":"Commit Response", "result":"SYNCER_OK", "context":Result: SYNCER_OK. cV=3esqmQ1yP4cii+T6TQHXQv.0;server=general0100000B;cloudType=Consumer;environment=Prod_SoutheastAsia_000j;migrationStage=NotStarted}
{"logTime": "0614/081425", "correlationVector":"JJDgBycOEfQHGzaU+TDKOT","action":"Commit Request", "result":"", "context":Item count: 1
Contributing types: Sessions}
{"logTime": "0614/081426", "correlationVector":"JJDgBycOEfQHGzaU+TDKOT.1","action":"SyncServerConnectionManagerRequest", "result":"SYNC_SERVER_OK", "context":{"environment":"Prod_SoutheastAsia_000j", "migrationStage":"NotStarted", "server":"GENERAL0100000Q"}}
{"logTime": "0614/081426", "correlationVector":"JJDgBycOEfQHGzaU+TDKOT.2","action":"Commit Response", "result":"SYNCER_OK", "context":Result: SYNCER_OK. cV=JJDgBycOEfQHGzaU+TDKOT.0;server=GENERAL0100000Q;cloudType=Consumer;environment=Prod_SoutheastAsia_000j;migrationStage=NotStarted}
{"logTime": "0614/081934", "correlationVector":"gez2bm8KtGTK7It1YmnYzc","action":"Commit Request", "result":"", "context":Item count: 1
Contributing types: Sessions}
{"logTime": "0614/081935", "correlationVector":"gez2bm8KtGTK7It1YmnYzc.1","action":"SyncServerConnectionManagerRequest", "result":"SYNC_SERVER_OK", "context":{"environment":"Prod_SoutheastAsia_000j", "migrationStage":"NotStarted", "server":"general0100000F"}}
{"logTime": "0614/081935", "correlationVector":"gez2bm8KtGTK7It1YmnYzc.2","action":"Commit Response", "result":"SYNCER_OK", "context":Result: SYNCER_OK. cV=gez2bm8KtGTK7It1YmnYzc.0;server=general0100000F;cloudType=Consumer;environment=Prod_SoutheastAsia_000j;migrationStage=NotStarted}
{"logTime": "0614/082110", "correlationVector":"3J8m9V5otUjmgc3HLaPvgy","action":"Commit Request", "result":"", "context":Item count: 1
Contributing types: Sessions}
{"logTime": "0614/082111", "correlationVector":"3J8m9V5otUjmgc3HLaPvgy.1","action":"SyncServerConnectionManagerRequest", "result":"SYNC_SERVER_OK", "context":{"environment":"Prod_SoutheastAsia_000j", "migrationStage":"NotStarted", "server":"GENERAL0100000A"}}
{"logTime": "0614/082111", "correlationVector":"3J8m9V5otUjmgc3HLaPvgy.2","action":"Commit Response", "result":"SYNCER_OK", "context":Result: SYNCER_OK. cV=3J8m9V5otUjmgc3HLaPvgy.0;server=GENERAL0100000A;cloudType=Consumer;environment=Prod_SoutheastAsia_000j;migrationStage=NotStarted}
{"logTime": "0614/082142", "correlationVector":"neghmZYQma9YzQzurSHdFx","action":"Commit Request", "result":"", "context":Item count: 1
Contributing types: Sessions}
{"logTime": "0614/082142", "correlationVector":"neghmZYQma9YzQzurSHdFx.1","action":"SyncServerConnectionManagerRequest", "result":"SYNC_SERVER_OK", "context":{"environment":"Prod_SoutheastAsia_000j", "migrationStage":"NotStarted", "server":"GENERAL0100000C"}}
{"logTime": "0614/082142", "correlationVector":"neghmZYQma9YzQzurSHdFx.2","action":"Commit Response", "result":"SYNCER_OK", "context":Result: SYNCER_OK. cV=neghmZYQma9YzQzurSHdFx.0;server=GENERAL0100000C;cloudType=Consumer;environment=Prod_SoutheastAsia_000j;migrationStage=NotStarted}
{"logTime": "0614/082214", "correlationVector":"mF5XM1Iqq0OrvAeksdZt2q","action":"Commit Request", "result":"", "context":Item count: 1
Contributing types: Sessions}
{"logTime": "0614/082214", "correlationVector":"mF5XM1Iqq0OrvAeksdZt2q.1","action":"SyncServerConnectionManagerRequest", "result":"SYNC_SERVER_OK", "context":{"environment":"Prod_SoutheastAsia_000j", "migrationStage":"NotStarted", "server":"GENERAL0100000J"}}
{"logTime": "0614/082214", "correlationVector":"mF5XM1Iqq0OrvAeksdZt2q.2","action":"Commit Response", "result":"SYNCER_OK", "context":Result: SYNCER_OK. cV=mF5XM1Iqq0OrvAeksdZt2q.0;server=GENERAL0100000J;cloudType=Consumer;environment=Prod_SoutheastAsia_000j;migrationStage=NotStarted}
{"logTime": "0614/082247", "correlationVector":"bvGsVZBvGHDbxw432Rp8bh","action":"Commit Request", "result":"", "context":Item count: 1
Contributing types: Sessions}
{"logTime": "0614/082247", "correlationVector":"bvGsVZBvGHDbxw432Rp8bh.1","action":"SyncServerConnectionManagerRequest", "result":"SYNC_SERVER_OK", "context":{"environment":"Prod_SoutheastAsia_000j", "migrationStage":"NotStarted", "server":"GENERAL01000007"}}
{"logTime": "0614/082247", "correlationVector":"bvGsVZBvGHDbxw432Rp8bh.2","action":"Commit Response", "result":"SYNCER_OK", "context":Result: SYNCER_OK. cV=bvGsVZBvGHDbxw432Rp8bh.0;server=GENERAL01000007;cloudType=Consumer;environment=Prod_SoutheastAsia_000j;migrationStage=NotStarted}
{"logTime": "0614/082338", "correlationVector":"o5SGlZn6HpHMh7tat30kc6","action":"Commit Request", "result":"", "context":Item count: 1
Contributing types: Sessions}
{"logTime": "0614/082340", "correlationVector":"o5SGlZn6HpHMh7tat30kc6.1","action":"SyncServerConnectionManagerRequest", "result":"SYNC_SERVER_OK", "context":{"environment":"Prod_SoutheastAsia_000j", "migrationStage":"NotStarted", "server":"GENERAL0100001D"}}
{"logTime": "0614/082340", "correlationVector":"o5SGlZn6HpHMh7tat30kc6.2","action":"Commit Response", "result":"SYNCER_OK", "context":Result: SYNCER_OK. cV=o5SGlZn6HpHMh7tat30kc6.0;server=GENERAL0100001D;cloudType=Consumer;environment=Prod_SoutheastAsia_000j;migrationStage=NotStarted}
{"logTime": "0614/082416", "correlationVector":"m/agwjlYznxHC++gncM+R0","action":"Commit Request", "result":"", "context":Item count: 1
Contributing types: Sessions}
{"logTime": "0614/082416", "correlationVector":"m/agwjlYznxHC++gncM+R0.1","action":"SyncServerConnectionManagerRequest", "result":"SYNC_SERVER_OK", "context":{"environment":"Prod_SoutheastAsia_000j", "migrationStage":"NotStarted", "server":"GENERAL01000003"}}
{"logTime": "0614/082416", "correlationVector":"m/agwjlYznxHC++gncM+R0.2","action":"Commit Response", "result":"SYNCER_OK", "context":Result: SYNCER_OK. cV=m/agwjlYznxHC++gncM+R0.0;server=GENERAL01000003;cloudType=Consumer;environment=Prod_SoutheastAsia_000j;migrationStage=NotStarted}
{"logTime": "0614/082536", "correlationVector":"pZKAXQKB77mf4Hj0lcPKhY","action":"Commit Request", "result":"", "context":Item count: 1
Contributing types: Sessions}
{"logTime": "0614/082536", "correlationVector":"pZKAXQKB77mf4Hj0lcPKhY.1","action":"SyncServerConnectionManagerRequest", "result":"SYNC_SERVER_OK", "context":{"environment":"Prod_SoutheastAsia_000j", "migrationStage":"NotStarted", "server":"GENERAL01000016"}}
{"logTime": "0614/082536", "correlationVector":"pZKAXQKB77mf4Hj0lcPKhY.2","action":"Commit Response", "result":"SYNCER_OK", "context":Result: SYNCER_OK. cV=pZKAXQKB77mf4Hj0lcPKhY.0;server=GENERAL01000016;cloudType=Consumer;environment=Prod_SoutheastAsia_000j;migrationStage=NotStarted}
{"logTime": "0614/082606", "correlationVector":"KH2h/iev8rSA3uK7+ZrIaT","action":"Commit Request", "result":"", "context":Item count: 1
Contributing types: Sessions}
{"logTime": "0614/082607", "correlationVector":"KH2h/iev8rSA3uK7+ZrIaT.1","action":"SyncServerConnectionManagerRequest", "result":"SYNC_SERVER_OK", "context":{"environment":"Prod_SoutheastAsia_000j", "migrationStage":"NotStarted", "server":"general0100000M"}}
{"logTime": "0614/082607", "correlationVector":"KH2h/iev8rSA3uK7+ZrIaT.2","action":"Commit Response", "result":"SYNCER_OK", "context":Result: SYNCER_OK. cV=KH2h/iev8rSA3uK7+ZrIaT.0;server=general0100000M;cloudType=Consumer;environment=Prod_SoutheastAsia_000j;migrationStage=NotStarted}
{"logTime": "0614/082726", "correlationVector":"RC23uVW/DXsuPQY9RXXgKj","action":"Commit Request", "result":"", "context":Item count: 1
Contributing types: Sessions}
{"logTime": "0614/082726", "correlationVector":"RC23uVW/DXsuPQY9RXXgKj.1","action":"SyncServerConnectionManagerRequest", "result":"SYNC_SERVER_OK", "context":{"environment":"Prod_SoutheastAsia_000j", "migrationStage":"NotStarted", "server":"GENERAL01000018"}}
{"logTime": "0614/082726", "correlationVector":"RC23uVW/DXsuPQY9RXXgKj.2","action":"Commit Response", "result":"SYNCER_OK", "context":Result: SYNCER_OK. cV=RC23uVW/DXsuPQY9RXXgKj.0;server=GENERAL01000018;cloudType=Consumer;environment=Prod_SoutheastAsia_000j;migrationStage=NotStarted}
{"logTime": "0614/082822", "correlationVector":"9xbKmc3hJrs8JM+ghVTB+S","action":"Commit Request", "result":"", "context":Item count: 1
Contributing types: Sessions}
{"logTime": "0614/082823", "correlationVector":"9xbKmc3hJrs8JM+ghVTB+S.1","action":"SyncServerConnectionManagerRequest", "result":"SYNC_SERVER_OK", "context":{"environment":"Prod_SoutheastAsia_000j", "migrationStage":"NotStarted", "server":"general0100000F"}}
{"logTime": "0614/082823", "correlationVector":"9xbKmc3hJrs8JM+ghVTB+S.2","action":"Commit Response", "result":"SYNCER_OK", "context":Result: SYNCER_OK. cV=9xbKmc3hJrs8JM+ghVTB+S.0;server=general0100000F;cloudType=Consumer;environment=Prod_SoutheastAsia_000j;migrationStage=NotStarted}
{"logTime": "0614/082853", "correlationVector":"26zZCtHNKAFFB8v+BH1T3m","action":"Commit Request", "result":"", "context":Item count: 1
Contributing types: Sessions}
{"logTime": "0614/082854", "correlationVector":"26zZCtHNKAFFB8v+BH1T3m.1","action":"SyncServerConnectionManagerRequest", "result":"SYNC_SERVER_OK", "context":{"environment":"Prod_SoutheastAsia_000j", "migrationStage":"NotStarted", "server":"GENERAL01000019"}}
{"logTime": "0614/082854", "correlationVector":"26zZCtHNKAFFB8v+BH1T3m.2","action":"Commit Response", "result":"SYNCER_OK", "context":Result: SYNCER_OK. cV=26zZCtHNKAFFB8v+BH1T3m.0;server=GENERAL01000019;cloudType=Consumer;environment=Prod_SoutheastAsia_000j;migrationStage=NotStarted}
{"logTime": "0614/082930", "correlationVector":"rW44WOH5n+0MJoElnevtRa","action":"Commit Request", "result":"", "context":Item count: 1
Contributing types: Sessions}
{"logTime": "0614/082931", "correlationVector":"rW44WOH5n+0MJoElnevtRa.1","action":"SyncServerConnectionManagerRequest", "result":"SYNC_SERVER_OK", "context":{"environment":"Prod_SoutheastAsia_000j", "migrationStage":"NotStarted", "server":"general0100001G"}}
{"logTime": "0614/082931", "correlationVector":"rW44WOH5n+0MJoElnevtRa.2","action":"Commit Response", "result":"SYNCER_OK", "context":Result: SYNCER_OK. cV=rW44WOH5n+0MJoElnevtRa.0;server=general0100001G;cloudType=Consumer;environment=Prod_SoutheastAsia_000j;migrationStage=NotStarted}
{"logTime": "0614/083008", "correlationVector":"KfDiCTnADoTH8fFXZ+xOy8","action":"Commit Request", "result":"", "context":Item count: 1
Contributing types: Sessions}
{"logTime": "0614/083009", "correlationVector":"KfDiCTnADoTH8fFXZ+xOy8.1","action":"SyncServerConnectionManagerRequest", "result":"SYNC_SERVER_OK", "context":{"environment":"Prod_SoutheastAsia_000j", "migrationStage":"NotStarted", "server":"GENERAL01000014"}}
{"logTime": "0614/083009", "correlationVector":"KfDiCTnADoTH8fFXZ+xOy8.2","action":"Commit Response", "result":"SYNCER_OK", "context":Result: SYNCER_OK. cV=KfDiCTnADoTH8fFXZ+xOy8.0;server=GENERAL01000014;cloudType=Consumer;environment=Prod_SoutheastAsia_000j;migrationStage=NotStarted}
{"logTime": "0614/083057", "correlationVector":"94xAu6YC8j3OfFzM/NQr8d","action":"Commit Request", "result":"", "context":Item count: 1
Contributing types: Sessions}
{"logTime": "0614/083057", "correlationVector":"94xAu6YC8j3OfFzM/NQr8d.1","action":"SyncServerConnectionManagerRequest", "result":"SYNC_SERVER_OK", "context":{"environment":"Prod_SoutheastAsia_000j", "migrationStage":"NotStarted", "server":"GENERAL0100000E"}}
{"logTime": "0614/083058", "correlationVector":"94xAu6YC8j3OfFzM/NQr8d.2","action":"Commit Response", "result":"SYNCER_OK", "context":Result: SYNCER_OK. cV=94xAu6YC8j3OfFzM/NQr8d.0;server=GENERAL0100000E;cloudType=Consumer;environment=Prod_SoutheastAsia_000j;migrationStage=NotStarted}
{"logTime": "0614/083128", "correlationVector":"y98HFawjbc4AwJGuBrvkjp","action":"Commit Request", "result":"", "context":Item count: 1
Contributing types: Sessions}
{"logTime": "0614/083129", "correlationVector":"y98HFawjbc4AwJGuBrvkjp.1","action":"SyncServerConnectionManagerRequest", "result":"SYNC_SERVER_OK", "context":{"environment":"Prod_SoutheastAsia_000j", "migrationStage":"NotStarted", "server":"general01000012"}}
{"logTime": "0614/083129", "correlationVector":"y98HFawjbc4AwJGuBrvkjp.2","action":"Commit Response", "result":"SYNCER_OK", "context":Result: SYNCER_OK. cV=y98HFawjbc4AwJGuBrvkjp.0;server=general01000012;cloudType=Consumer;environment=Prod_SoutheastAsia_000j;migrationStage=NotStarted}
{"logTime": "0614/083243", "correlationVector":"RKe9fQTXt7JoyIa8DKgrR4","action":"Commit Request", "result":"", "context":Item count: 1
Contributing types: Sessions}
{"logTime": "0614/083244", "correlationVector":"RKe9fQTXt7JoyIa8DKgrR4.1","action":"SyncServerConnectionManagerRequest", "result":"SYNC_SERVER_OK", "context":{"environment":"Prod_SoutheastAsia_000j", "migrationStage":"NotStarted", "server":"GENERAL0100000S"}}
{"logTime": "0614/083244", "correlationVector":"RKe9fQTXt7JoyIa8DKgrR4.2","action":"Commit Response", "result":"SYNCER_OK", "context":Result: SYNCER_OK. cV=RKe9fQTXt7JoyIa8DKgrR4.0;server=GENERAL0100000S;cloudType=Consumer;environment=Prod_SoutheastAsia_000j;migrationStage=NotStarted}
{"logTime": "0614/083539", "correlationVector":"hyQHSzGQsr7Z3ZzbZ/Vbsv","action":"Commit Request", "result":"", "context":Item count: 1
Contributing types: Sessions}
{"logTime": "0614/083540", "correlationVector":"hyQHSzGQsr7Z3ZzbZ/Vbsv.1","action":"SyncServerConnectionManagerRequest", "result":"SYNC_SERVER_OK", "context":{"environment":"Prod_SoutheastAsia_000j", "migrationStage":"NotStarted", "server":"GENERAL0100000S"}}
{"logTime": "0614/083540", "correlationVector":"hyQHSzGQsr7Z3ZzbZ/Vbsv.2","action":"Commit Response", "result":"SYNCER_OK", "context":Result: SYNCER_OK. cV=hyQHSzGQsr7Z3ZzbZ/Vbsv.0;server=GENERAL0100000S;cloudType=Consumer;environment=Prod_SoutheastAsia_000j;migrationStage=NotStarted}
{"logTime": "0614/083620", "correlationVector":"tQRNx+q7+E/spHywnZZ/P/","action":"Commit Request", "result":"", "context":Item count: 1
Contributing types: Sessions}
{"logTime": "0614/083621", "correlationVector":"tQRNx+q7+E/spHywnZZ/P/.1","action":"SyncServerConnectionManagerRequest", "result":"SYNC_SERVER_OK", "context":{"environment":"Prod_SoutheastAsia_000j", "migrationStage":"NotStarted", "server":"GENERAL01000000"}}
{"logTime": "0614/083621", "correlationVector":"tQRNx+q7+E/spHywnZZ/P/.2","action":"Commit Response", "result":"SYNCER_OK", "context":Result: SYNCER_OK. cV=tQRNx+q7+E/spHywnZZ/P/.0;server=GENERAL01000000;cloudType=Consumer;environment=Prod_SoutheastAsia_000j;migrationStage=NotStarted}
{"logTime": "0614/083737", "correlationVector":"nUrrxO1bPoMuzPhUPfjNS4","action":"Commit Request", "result":"", "context":Item count: 1
Contributing types: Sessions}
{"logTime": "0614/083738", "correlationVector":"nUrrxO1bPoMuzPhUPfjNS4.1","action":"SyncServerConnectionManagerRequest", "result":"SYNC_SERVER_OK", "context":{"environment":"Prod_SoutheastAsia_000j", "migrationStage":"NotStarted", "server":"GENERAL01000002"}}
{"logTime": "0614/083738", "correlationVector":"nUrrxO1bPoMuzPhUPfjNS4.2","action":"Commit Response", "result":"SYNCER_OK", "context":Result: SYNCER_OK. cV=nUrrxO1bPoMuzPhUPfjNS4.0;server=GENERAL01000002;cloudType=Consumer;environment=Prod_SoutheastAsia_000j;migrationStage=NotStarted}
{"logTime": "0614/083821", "correlationVector":"cDyckcv9a2GwT4qrm5Mof+","action":"Commit Request", "result":"", "context":Item count: 1
Contributing types: Sessions}
{"logTime": "0614/083821", "correlationVector":"cDyckcv9a2GwT4qrm5Mof+.1","action":"SyncServerConnectionManagerRequest", "result":"SYNC_SERVER_OK", "context":{"environment":"Prod_SoutheastAsia_000j", "migrationStage":"NotStarted", "server":"GENERAL0100000Y"}}
{"logTime": "0614/083821", "correlationVector":"cDyckcv9a2GwT4qrm5Mof+.2","action":"Commit Response", "result":"SYNCER_OK", "context":Result: SYNCER_OK. cV=cDyckcv9a2GwT4qrm5Mof+.0;server=GENERAL0100000Y;cloudType=Consumer;environment=Prod_SoutheastAsia_000j;migrationStage=NotStarted}
{"logTime": "0614/083926", "correlationVector":"URbYgsDyIIeq5Ztbg6Qa4F","action":"Commit Request", "result":"", "context":Item count: 1
Contributing types: Sessions}
{"logTime": "0614/083927", "correlationVector":"URbYgsDyIIeq5Ztbg6Qa4F.1","action":"SyncServerConnectionManagerRequest", "result":"SYNC_SERVER_OK", "context":{"environment":"Prod_SoutheastAsia_000j", "migrationStage":"NotStarted", "server":"GENERAL0100000E"}}
{"logTime": "0614/083927", "correlationVector":"URbYgsDyIIeq5Ztbg6Qa4F.2","action":"Commit Response", "result":"SYNCER_OK", "context":Result: SYNCER_OK. cV=URbYgsDyIIeq5Ztbg6Qa4F.0;server=GENERAL0100000E;cloudType=Consumer;environment=Prod_SoutheastAsia_000j;migrationStage=NotStarted}
{"logTime": "0614/084001", "correlationVector":"5DKBUMTulTwwggjcC0bmld","action":"Commit Request", "result":"", "context":Item count: 1
Contributing types: Sessions}
{"logTime": "0614/084001", "correlationVector":"5DKBUMTulTwwggjcC0bmld.1","action":"SyncServerConnectionManagerRequest", "result":"SYNC_SERVER_OK", "context":{"environment":"Prod_SoutheastAsia_000j", "migrationStage":"NotStarted", "server":"GENERAL0100000D"}}
{"logTime": "0614/084001", "correlationVector":"5DKBUMTulTwwggjcC0bmld.2","action":"Commit Response", "result":"SYNCER_OK", "context":Result: SYNCER_OK. cV=5DKBUMTulTwwggjcC0bmld.0;server=GENERAL0100000D;cloudType=Consumer;environment=Prod_SoutheastAsia_000j;migrationStage=NotStarted}
{"logTime": "0614/084049", "correlationVector":"S5S5xEqDSA5xPSOVcPhLqD","action":"Commit Request", "result":"", "context":Item count: 1
Contributing types: Sessions}
{"logTime": "0614/084050", "correlationVector":"S5S5xEqDSA5xPSOVcPhLqD.1","action":"SyncServerConnectionManagerRequest", "result":"SYNC_SERVER_OK", "context":{"environment":"Prod_SoutheastAsia_000j", "migrationStage":"NotStarted", "server":"GENERAL0100000J"}}
{"logTime": "0614/084050", "correlationVector":"S5S5xEqDSA5xPSOVcPhLqD.2","action":"Commit Response", "result":"SYNCER_OK", "context":Result: SYNCER_OK. cV=S5S5xEqDSA5xPSOVcPhLqD.0;server=GENERAL0100000J;cloudType=Consumer;environment=Prod_SoutheastAsia_000j;migrationStage=NotStarted}
{"logTime": "0614/084145", "correlationVector":"niW64Gm9Ek1QWuob2alYpZ","action":"Commit Request", "result":"", "context":Item count: 1
Contributing types: Sessions}
{"logTime": "0614/084146", "correlationVector":"niW64Gm9Ek1QWuob2alYpZ.1","action":"SyncServerConnectionManagerRequest", "result":"SYNC_SERVER_OK", "context":{"environment":"Prod_SoutheastAsia_000j", "migrationStage":"NotStarted", "server":"GENERAL0100000E"}}
{"logTime": "0614/084146", "correlationVector":"niW64Gm9Ek1QWuob2alYpZ.2","action":"Commit Response", "result":"SYNCER_OK", "context":Result: SYNCER_OK. cV=niW64Gm9Ek1QWuob2alYpZ.0;server=GENERAL0100000E;cloudType=Consumer;environment=Prod_SoutheastAsia_000j;migrationStage=NotStarted}
{"logTime": "0614/084222", "correlationVector":"UctFO53ArGn5ZrLTDsOX/b","action":"Commit Request", "result":"", "context":Item count: 1
Contributing types: Sessions}
{"logTime": "0614/084222", "correlationVector":"UctFO53ArGn5ZrLTDsOX/b.1","action":"SyncServerConnectionManagerRequest", "result":"SYNC_SERVER_OK", "context":{"environment":"Prod_SoutheastAsia_000j", "migrationStage":"NotStarted", "server":"GENERAL0100000L"}}
{"logTime": "0614/084222", "correlationVector":"UctFO53ArGn5ZrLTDsOX/b.2","action":"Commit Response", "result":"SYNCER_OK", "context":Result: SYNCER_OK. cV=UctFO53ArGn5ZrLTDsOX/b.0;server=GENERAL0100000L;cloudType=Consumer;environment=Prod_SoutheastAsia_000j;migrationStage=NotStarted}
{"logTime": "0614/084303", "correlationVector":"4Qxx9m6yUgoadZbg3b0pBz","action":"Commit Request", "result":"", "context":Item count: 1
Contributing types: Sessions}
{"logTime": "0614/084306", "correlationVector":"4Qxx9m6yUgoadZbg3b0pBz.1","action":"SyncServerConnectionManagerRequest", "result":"SYNC_SERVER_OK", "context":{"environment":"Prod_SoutheastAsia_000j", "migrationStage":"NotStarted", "server":"GENERAL0100000O"}}
{"logTime": "0614/084306", "correlationVector":"4Qxx9m6yUgoadZbg3b0pBz.2","action":"Commit Response", "result":"SYNCER_OK", "context":Result: SYNCER_OK. cV=4Qxx9m6yUgoadZbg3b0pBz.0;server=GENERAL0100000O;cloudType=Consumer;environment=Prod_SoutheastAsia_000j;migrationStage=NotStarted}
{"logTime": "0614/084513", "correlationVector":"iGN1a0gSwRtF5VwXEHGGQ/","action":"Commit Request", "result":"", "context":Item count: 1
Contributing types: Sessions}
{"logTime": "0614/084514", "correlationVector":"iGN1a0gSwRtF5VwXEHGGQ/.1","action":"SyncServerConnectionManagerRequest", "result":"SYNC_SERVER_OK", "context":{"environment":"Prod_SoutheastAsia_000j", "migrationStage":"NotStarted", "server":"GENERAL01000007"}}
{"logTime": "0614/084514", "correlationVector":"iGN1a0gSwRtF5VwXEHGGQ/.2","action":"Commit Response", "result":"SYNCER_OK", "context":Result: SYNCER_OK. cV=iGN1a0gSwRtF5VwXEHGGQ/.0;server=GENERAL01000007;cloudType=Consumer;environment=Prod_SoutheastAsia_000j;migrationStage=NotStarted}
{"logTime": "0614/084559", "correlationVector":"3oM+nAA3OYv9E2kD9DpkbI","action":"Commit Request", "result":"", "context":Item count: 1
Contributing types: Sessions}
{"logTime": "0614/084600", "correlationVector":"3oM+nAA3OYv9E2kD9DpkbI.1","action":"SyncServerConnectionManagerRequest", "result":"SYNC_SERVER_OK", "context":{"environment":"Prod_SoutheastAsia_000j", "migrationStage":"NotStarted", "server":"GENERAL01000003"}}
{"logTime": "0614/084600", "correlationVector":"3oM+nAA3OYv9E2kD9DpkbI.2","action":"Commit Response", "result":"SYNCER_OK", "context":Result: SYNCER_OK. cV=3oM+nAA3OYv9E2kD9DpkbI.0;server=GENERAL01000003;cloudType=Consumer;environment=Prod_SoutheastAsia_000j;migrationStage=NotStarted}
{"logTime": "0614/084705", "correlationVector":"Ue3OGcxAOZBJdHjF6Fdp2N","action":"Commit Request", "result":"", "context":Item count: 1
Contributing types: Sessions}
{"logTime": "0614/084705", "correlationVector":"Ue3OGcxAOZBJdHjF6Fdp2N.1","action":"SyncServerConnectionManagerRequest", "result":"SYNC_SERVER_OK", "context":{"environment":"Prod_SoutheastAsia_000j", "migrationStage":"NotStarted", "server":"GENERAL0100000Y"}}
{"logTime": "0614/084705", "correlationVector":"Ue3OGcxAOZBJdHjF6Fdp2N.2","action":"Commit Response", "result":"SYNCER_OK", "context":Result: SYNCER_OK. cV=Ue3OGcxAOZBJdHjF6Fdp2N.0;server=GENERAL0100000Y;cloudType=Consumer;environment=Prod_SoutheastAsia_000j;migrationStage=NotStarted}
{"logTime": "0614/084758", "correlationVector":"ha134AfjV5Zqw9XyopvDxZ","action":"Commit Request", "result":"", "context":Item count: 1
Contributing types: Sessions}
{"logTime": "0614/084759", "correlationVector":"ha134AfjV5Zqw9XyopvDxZ.1","action":"SyncServerConnectionManagerRequest", "result":"SYNC_SERVER_OK", "context":{"environment":"Prod_SoutheastAsia_000j", "migrationStage":"NotStarted", "server":"GENERAL0100000J"}}
{"logTime": "0614/084759", "correlationVector":"ha134AfjV5Zqw9XyopvDxZ.2","action":"Commit Response", "result":"SYNCER_OK", "context":Result: SYNCER_OK. cV=ha134AfjV5Zqw9XyopvDxZ.0;server=GENERAL0100000J;cloudType=Consumer;environment=Prod_SoutheastAsia_000j;migrationStage=NotStarted}
{"logTime": "0614/084836", "correlationVector":"Whx4rAvCu5K00NalTxiPzV","action":"Commit Request", "result":"", "context":Item count: 1
Contributing types: Sessions}
{"logTime": "0614/084836", "correlationVector":"Whx4rAvCu5K00NalTxiPzV.1","action":"SyncServerConnectionManagerRequest", "result":"SYNC_SERVER_OK", "context":{"environment":"Prod_SoutheastAsia_000j", "migrationStage":"NotStarted", "server":"GENERAL0100001C"}}
{"logTime": "0614/084836", "correlationVector":"Whx4rAvCu5K00NalTxiPzV.2","action":"Commit Response", "result":"SYNCER_OK", "context":Result: SYNCER_OK. cV=Whx4rAvCu5K00NalTxiPzV.0;server=GENERAL0100001C;cloudType=Consumer;environment=Prod_SoutheastAsia_000j;migrationStage=NotStarted}
{"logTime": "0614/084933", "correlationVector":"qqTlqQ4O5dZcJ0I8c5N7Jg","action":"Commit Request", "result":"", "context":Item count: 1
Contributing types: Sessions}
{"logTime": "0614/084934", "correlationVector":"qqTlqQ4O5dZcJ0I8c5N7Jg.1","action":"SyncServerConnectionManagerRequest", "result":"SYNC_SERVER_OK", "context":{"environment":"Prod_SoutheastAsia_000j", "migrationStage":"NotStarted", "server":"GENERAL01000006"}}
{"logTime": "0614/084934", "correlationVector":"qqTlqQ4O5dZcJ0I8c5N7Jg.2","action":"Commit Response", "result":"SYNCER_OK", "context":Result: SYNCER_OK. cV=qqTlqQ4O5dZcJ0I8c5N7Jg.0;server=GENERAL01000006;cloudType=Consumer;environment=Prod_SoutheastAsia_000j;migrationStage=NotStarted}
