Flutter crash report.
Please report a bug at https://github.com/flutter/flutter/issues.

## command

flutter run -d Edge --web-port=8080 --web-renderer html

## exception

ExistingDartDevelopmentServiceException: DartDevelopmentServiceException: JSON-RPC error 100: Feature is disabled. data: Existing VM service clients prevent DDS from taking control.

```
#0      DartDevelopmentServiceImpl._startDDSServer (package:dds/src/dds_impl.dart:225:7)
<asynchronous suspension>
#1      DartDevelopmentServiceImpl.startService (package:dds/src/dds_impl.dart:117:7)
<asynchronous suspension>
#2      DartDevelopmentService.startDartDevelopmentService (package:dds/dds.dart:97:5)
<asynchronous suspension>
#3      DebugService.startDartDevelopmentService (package:dwds/src/services/debug_service.dart:165:12)
<asynchronous suspension>
#4      DevHandler._createAppDebugServices (package:dwds/src/handlers/dev_handler.dart:514:7)
<asynchronous suspension>
#5      DevHandler.loadAppServices (package:dwds/src/handlers/dev_handler.dart:239:21)
<asynchronous suspension>
#6      Dwds.debugConnection (package:dwds/dart_web_debug_service.dart:59:30)
<asynchronous suspension>
#7      WebDevFS.connect.<anonymous closure> (package:flutter_tools/src/isolated/devfs_web.dart:715:15)
<asynchronous suspension>
```

## flutter doctor

```
[32m[✓][39m Flutter (Channel stable, 3.10.1, on Microsoft Windows [Version 10.0.19044.2965], locale en-US)
    [32m•[39m Flutter version 3.10.1 on channel stable at C:\Users\asadf\fvm\versions\stable
    [32m•[39m Upstream repository https://github.com/flutter/flutter.git
    [32m•[39m Framework revision d3d8effc68 (4 weeks ago), 2023-05-16 17:59:05 -0700
    [32m•[39m Engine revision b4fb11214d
    [32m•[39m Dart version 3.0.1
    [32m•[39m DevTools version 2.23.1

[32m[✓][39m Windows Version (Installed version of Windows is version 10 or higher)

[32m[✓][39m Android toolchain - develop for Android devices (Android SDK version 32.1.0-rc1)
    [32m•[39m Android SDK at C:\Users\asadf\AppData\Local\Android\Sdk
    [32m•[39m Platform android-33, build-tools 32.1.0-rc1
    [32m•[39m ANDROID_HOME = C:\Users\asadf\AppData\Local\Android\Sdk
    [32m•[39m Java binary at: C:\Program Files\Android\Android Studio\jbr\bin\java
    [32m•[39m Java version OpenJDK Runtime Environment (build 11.0.15+0-b2043.56-9505619)
    [32m•[39m All Android licenses accepted.

[32m[✓][39m Chrome - develop for the web
    [32m•[39m Chrome at C:\Program Files\Google\Chrome\Application\chrome.exe

[31m[✗][39m Visual Studio - develop for Windows
    [31m✗[39m Visual Studio not installed; this is necessary for Windows development.
      Download at https://visualstudio.microsoft.com/downloads/.
      Please install the "Desktop development with C++" workload, including all of its default components

[32m[✓][39m Android Studio (version 2022.1)
    [32m•[39m Android Studio at C:\Program Files\Android\Android Studio
    [32m•[39m Flutter plugin can be installed from:
      🔨 https://plugins.jetbrains.com/plugin/9212-flutter
    [32m•[39m Dart plugin can be installed from:
      🔨 https://plugins.jetbrains.com/plugin/6351-dart
    [32m•[39m Java version OpenJDK Runtime Environment (build 11.0.15+0-b2043.56-9505619)

[32m[✓][39m VS Code (version 1.79.0)
    [32m•[39m VS Code at C:\Users\asadf\AppData\Local\Programs\Microsoft VS Code
    [32m•[39m Flutter extension version 3.52.0

[32m[✓][39m Connected device (3 available)
    [32m•[39m Windows (desktop) • windows • windows-x64    • Microsoft Windows [Version 10.0.19044.2965]
    [32m•[39m Chrome (web)      • chrome  • web-javascript • Google Chrome 114.0.5735.110
    [32m•[39m Edge (web)        • edge    • web-javascript • Microsoft Edge 114.0.1823.41

[32m[✓][39m Network resources
    [32m•[39m All expected network resources are available.

[33m![39m Doctor found issues in 1 category.
```
